2024-12-12 21:00:23,008 [INFO] Activator:177 - 


2024-12-12 21:00:23,023 [INFO] Activator:178 - !SESSION log4j initialized
2024-12-12 21:00:32,689 [INFO] McuFinderGlobals:39 - Set McuFinder mode to 2 (CubeIDE integrated)
2024-12-12 21:00:32,924 [INFO] ApplicationProperties:181 - Using Application install path: C:\ST\STM32CubeIDE_1.7.0\STM32CubeIDE\plugins\com.st.stm32cube.common.mx_6.3.0.202107141111
2024-12-12 21:00:32,953 [INFO] DbMcusXml:74 - Set database path to: C:\ST\STM32CubeIDE_1.7.0\STM32CubeIDE\plugins\com.st.stm32cube.common.mx_6.3.0.202107141111\\db\/mcu/
2024-12-12 21:00:32,960 [INFO] DbBoardsPdsc:56 - Set plugin database path to: C:\ST\STM32CubeIDE_1.7.0\STM32CubeIDE\plugins\com.st.stm32cube.common.mx_6.3.0.202107141111\\db\/plugins/boardmanager/
2024-12-12 21:00:32,961 [INFO] DbMcus:258 - Set plugin images path to: C:\ST\STM32CubeIDE_1.7.0\STM32CubeIDE\plugins\com.st.stm32cube.common.mx_6.3.0.202107141111\\db\/plugins/mcufinder/images/
2024-12-12 21:00:32,961 [INFO] DbBoards:264 - Set plugin images path to: C:\ST\STM32CubeIDE_1.7.0\STM32CubeIDE\plugins\com.st.stm32cube.common.mx_6.3.0.202107141111\\db\/plugins/mcufinder/images/
2024-12-12 21:00:32,968 [INFO] DbExamples:333 - Set plugin images path to: C:\ST\STM32CubeIDE_1.7.0\STM32CubeIDE\plugins\com.st.stm32cube.common.mx_6.3.0.202107141111\\db\/plugins/mcufinder/images/
2024-12-12 21:00:32,971 [INFO] DbMcusAds:119 - Set database path to: C:\Users\TIEN DUY\.stmcufinder\plugins\mcufinder//mcu/
2024-12-12 21:00:32,971 [INFO] DbMcusDocs:110 - Set database path to: C:\Users\TIEN DUY\.stmcufinder\plugins\mcufinder//mcu/
2024-12-12 21:00:32,971 [INFO] DbMcusJson:64 - Set database path to: C:\Users\TIEN DUY\.stmcufinder\plugins\mcufinder//mcu/
2024-12-12 21:00:32,987 [INFO] DbBoardsDocs:110 - Set database path to: C:\Users\TIEN DUY\.stmcufinder\plugins\mcufinder//mcu/
2024-12-12 21:00:32,987 [INFO] DbBoardsJson:57 - Set database path to: C:\Users\TIEN DUY\.stmcufinder\plugins\mcufinder//mcu/
2024-12-12 21:00:32,994 [INFO] CrossReferenceDbSqlite:196 - Set database path to: C:\Users\TIEN DUY\.stmcufinder\plugins\mcufinder//mcu/cs/
2024-12-12 21:00:33,002 [INFO] DbExamplesSqlite:767 - Set database path to: C:\Users\TIEN DUY\.stmcufinder\plugins\mcufinder//mcu/
2024-12-12 21:00:33,176 [INFO] RulesReader:57 - Compatibility file has been processed (242 Rules)
2024-12-12 21:00:33,281 [INFO] DbMcusXml:74 - Set database path to: C:\ST\STM32CubeIDE_1.7.0\STM32CubeIDE\plugins\com.st.stm32cube.common.mx_6.3.0.202107141111\\db\/mcu/
2024-12-12 21:00:33,281 [INFO] DbBoardsPdsc:56 - Set plugin database path to: C:\ST\STM32CubeIDE_1.7.0\STM32CubeIDE\plugins\com.st.stm32cube.common.mx_6.3.0.202107141111\\db\/plugins/boardmanager/
2024-12-12 21:00:33,281 [INFO] DbMcus:258 - Set plugin images path to: C:\ST\STM32CubeIDE_1.7.0\STM32CubeIDE\plugins\com.st.stm32cube.common.mx_6.3.0.202107141111\\db\/plugins/mcufinder/images/
2024-12-12 21:00:33,281 [INFO] DbBoards:264 - Set plugin images path to: C:\ST\STM32CubeIDE_1.7.0\STM32CubeIDE\plugins\com.st.stm32cube.common.mx_6.3.0.202107141111\\db\/plugins/mcufinder/images/
2024-12-12 21:00:33,281 [INFO] DbExamples:333 - Set plugin images path to: C:\ST\STM32CubeIDE_1.7.0\STM32CubeIDE\plugins\com.st.stm32cube.common.mx_6.3.0.202107141111\\db\/plugins/mcufinder/images/
2024-12-12 21:00:33,281 [WARN] DbFile:35 - Overriding database path with different value: C:\Users\TIEN DUY\.stmcufinder\plugins\mcufinder/ => C:\Users\TIEN DUY\.stmcufinder\plugins\mcufinder
2024-12-12 21:00:33,281 [INFO] DbMcusAds:119 - Set database path to: C:\Users\TIEN DUY\.stmcufinder\plugins\mcufinder//mcu/
2024-12-12 21:00:33,281 [WARN] DbFile:35 - Overriding database path with different value: C:\Users\TIEN DUY\.stmcufinder\plugins\mcufinder/ => C:\Users\TIEN DUY\.stmcufinder\plugins\mcufinder
2024-12-12 21:00:33,281 [INFO] DbMcusDocs:110 - Set database path to: C:\Users\TIEN DUY\.stmcufinder\plugins\mcufinder//mcu/
2024-12-12 21:00:33,281 [WARN] DbFile:35 - Overriding database path with different value: C:\Users\TIEN DUY\.stmcufinder\plugins\mcufinder/ => C:\Users\TIEN DUY\.stmcufinder\plugins\mcufinder
2024-12-12 21:00:33,281 [INFO] DbMcusJson:64 - Set database path to: C:\Users\TIEN DUY\.stmcufinder\plugins\mcufinder//mcu/
2024-12-12 21:00:33,281 [WARN] DbFile:35 - Overriding database path with different value: C:\Users\TIEN DUY\.stmcufinder\plugins\mcufinder/ => C:\Users\TIEN DUY\.stmcufinder\plugins\mcufinder
2024-12-12 21:00:33,281 [INFO] DbBoardsDocs:110 - Set database path to: C:\Users\TIEN DUY\.stmcufinder\plugins\mcufinder//mcu/
2024-12-12 21:00:33,281 [WARN] DbFile:35 - Overriding database path with different value: C:\Users\TIEN DUY\.stmcufinder\plugins\mcufinder/ => C:\Users\TIEN DUY\.stmcufinder\plugins\mcufinder
2024-12-12 21:00:33,281 [INFO] DbBoardsJson:57 - Set database path to: C:\Users\TIEN DUY\.stmcufinder\plugins\mcufinder//mcu/
2024-12-12 21:00:33,281 [WARN] DbFile:35 - Overriding database path with different value: C:\Users\TIEN DUY\.stmcufinder\plugins\mcufinder/ => C:\Users\TIEN DUY\.stmcufinder\plugins\mcufinder
2024-12-12 21:00:33,281 [WARN] DbFile:35 - Overriding database path with different value: C:\Users\TIEN DUY\.stmcufinder\plugins\mcufinder/ => C:\Users\TIEN DUY\.stmcufinder\plugins\mcufinder
2024-12-12 21:00:33,281 [INFO] CrossReferenceDbSqlite:196 - Set database path to: C:\Users\TIEN DUY\.stmcufinder\plugins\mcufinder//mcu/cs/
2024-12-12 21:00:33,281 [WARN] DbFile:35 - Overriding database path with different value: C:\Users\TIEN DUY\.stmcufinder\plugins\mcufinder/ => C:\Users\TIEN DUY\.stmcufinder\plugins\mcufinder
2024-12-12 21:00:33,281 [INFO] DbExamplesSqlite:767 - Set database path to: C:\Users\TIEN DUY\.stmcufinder\plugins\mcufinder//mcu/
2024-12-12 21:00:33,375 [INFO] MainPanel:214 - HeapMemory: 268435456
2024-12-12 21:00:33,531 [INFO] DbMcusXml:74 - Set database path to: C:\ST\STM32CubeIDE_1.7.0\STM32CubeIDE\plugins\com.st.stm32cube.common.mx_6.3.0.202107141111\\db\/mcu/
2024-12-12 21:00:33,531 [INFO] DbBoardsPdsc:56 - Set plugin database path to: C:\ST\STM32CubeIDE_1.7.0\STM32CubeIDE\plugins\com.st.stm32cube.common.mx_6.3.0.202107141111\\db\/plugins/boardmanager/
2024-12-12 21:00:33,531 [INFO] DbMcus:258 - Set plugin images path to: C:\ST\STM32CubeIDE_1.7.0\STM32CubeIDE\plugins\com.st.stm32cube.common.mx_6.3.0.202107141111\\db\/plugins/mcufinder/images/
2024-12-12 21:00:33,531 [INFO] DbBoards:264 - Set plugin images path to: C:\ST\STM32CubeIDE_1.7.0\STM32CubeIDE\plugins\com.st.stm32cube.common.mx_6.3.0.202107141111\\db\/plugins/mcufinder/images/
2024-12-12 21:00:33,531 [INFO] DbExamples:333 - Set plugin images path to: C:\ST\STM32CubeIDE_1.7.0\STM32CubeIDE\plugins\com.st.stm32cube.common.mx_6.3.0.202107141111\\db\/plugins/mcufinder/images/
2024-12-12 21:00:33,531 [WARN] DbFile:35 - Overriding database path with different value: C:\Users\TIEN DUY\.stmcufinder\plugins\mcufinder/ => C:\Users\TIEN DUY\.stmcufinder\plugins\mcufinder
2024-12-12 21:00:33,531 [INFO] DbMcusAds:119 - Set database path to: C:\Users\TIEN DUY\.stmcufinder\plugins\mcufinder//mcu/
2024-12-12 21:00:33,531 [WARN] DbFile:35 - Overriding database path with different value: C:\Users\TIEN DUY\.stmcufinder\plugins\mcufinder/ => C:\Users\TIEN DUY\.stmcufinder\plugins\mcufinder
2024-12-12 21:00:33,531 [INFO] DbMcusDocs:110 - Set database path to: C:\Users\TIEN DUY\.stmcufinder\plugins\mcufinder//mcu/
2024-12-12 21:00:33,531 [WARN] DbFile:35 - Overriding database path with different value: C:\Users\TIEN DUY\.stmcufinder\plugins\mcufinder/ => C:\Users\TIEN DUY\.stmcufinder\plugins\mcufinder
2024-12-12 21:00:33,531 [INFO] DbMcusJson:64 - Set database path to: C:\Users\TIEN DUY\.stmcufinder\plugins\mcufinder//mcu/
2024-12-12 21:00:33,531 [WARN] DbFile:35 - Overriding database path with different value: C:\Users\TIEN DUY\.stmcufinder\plugins\mcufinder/ => C:\Users\TIEN DUY\.stmcufinder\plugins\mcufinder
2024-12-12 21:00:33,531 [INFO] DbBoardsDocs:110 - Set database path to: C:\Users\TIEN DUY\.stmcufinder\plugins\mcufinder//mcu/
2024-12-12 21:00:33,531 [WARN] DbFile:35 - Overriding database path with different value: C:\Users\TIEN DUY\.stmcufinder\plugins\mcufinder/ => C:\Users\TIEN DUY\.stmcufinder\plugins\mcufinder
2024-12-12 21:00:33,531 [INFO] DbBoardsJson:57 - Set database path to: C:\Users\TIEN DUY\.stmcufinder\plugins\mcufinder//mcu/
2024-12-12 21:00:33,547 [WARN] DbFile:35 - Overriding database path with different value: C:\Users\TIEN DUY\.stmcufinder\plugins\mcufinder/ => C:\Users\TIEN DUY\.stmcufinder\plugins\mcufinder
2024-12-12 21:00:33,547 [WARN] DbFile:35 - Overriding database path with different value: C:\Users\TIEN DUY\.stmcufinder\plugins\mcufinder/ => C:\Users\TIEN DUY\.stmcufinder\plugins\mcufinder
2024-12-12 21:00:33,547 [INFO] CrossReferenceDbSqlite:196 - Set database path to: C:\Users\TIEN DUY\.stmcufinder\plugins\mcufinder//mcu/cs/
2024-12-12 21:00:33,547 [WARN] DbFile:35 - Overriding database path with different value: C:\Users\TIEN DUY\.stmcufinder\plugins\mcufinder/ => C:\Users\TIEN DUY\.stmcufinder\plugins\mcufinder
2024-12-12 21:00:33,547 [INFO] DbExamplesSqlite:767 - Set database path to: C:\Users\TIEN DUY\.stmcufinder\plugins\mcufinder//mcu/
2024-12-12 21:00:33,563 [INFO] ApplicationProperties:181 - Using Application install path: C:\ST\STM32CubeIDE_1.7.0\STM32CubeIDE\plugins\com.st.stm32cube.common.mx_6.3.0.202107141111
2024-12-12 21:00:33,563 [INFO] PluginManage:188 - Search for loadable plugins [exclusion list=, ]
2024-12-12 21:00:33,563 [INFO] PluginManage:302 - Check plugin analytics
2024-12-12 21:00:33,742 [INFO] AnalyticsPlugin:257 - Accepted Software Licenses: 
2024-12-12 21:00:33,742 [INFO] AnalyticsPlugin:259 - Accepted CMSIS Pack Licenses: 
2024-12-12 21:00:33,742 [INFO] AnalyticsPlugin:261 - Accepted Firmware Licenses: 
2024-12-12 21:00:33,752 [INFO] PluginManage:352 - Loaded plugin analytics (category:tool,tabindex:-1)
2024-12-12 21:00:33,752 [INFO] PluginManage:302 - Check plugin clock
2024-12-12 21:00:33,754 [INFO] PluginManage:352 - Loaded plugin clock (category:base,tabindex:2)
2024-12-12 21:00:33,768 [INFO] PluginManage:302 - Check plugin ddr
2024-12-12 21:00:33,768 [INFO] PluginManage:352 - Loaded plugin ddr (category:tool,tabindex:6)
2024-12-12 21:00:33,768 [INFO] PluginManage:302 - Check plugin filemanager
2024-12-12 21:00:33,957 [INFO] PluginManage:352 - Loaded plugin filemanager (category:base,tabindex:10)
2024-12-12 21:00:33,957 [INFO] PluginManage:302 - Check plugin ipmanager
2024-12-12 21:00:33,973 [INFO] PluginManage:352 - Loaded plugin ipmanager (category:base,tabindex:5)
2024-12-12 21:00:33,973 [INFO] PluginManage:302 - Check plugin pinoutandconfiguration
2024-12-12 21:00:33,973 [INFO] PluginManage:352 - Loaded plugin pinoutandconfiguration (category:base,tabindex:1)
2024-12-12 21:00:33,973 [INFO] PluginManage:302 - Check plugin pinoutconfig
2024-12-12 21:00:34,004 [INFO] PluginManage:352 - Loaded plugin pinoutconfig (category:base,tabindex:0)
2024-12-12 21:00:34,004 [INFO] PluginManage:302 - Check plugin power
2024-12-12 21:00:34,036 [INFO] PluginManage:352 - Loaded plugin power (category:power,tabindex:4)
2024-12-12 21:00:34,036 [INFO] PluginManage:302 - Check plugin projectmanager
2024-12-12 21:00:34,067 [INFO] PluginManage:352 - Loaded plugin projectmanager (category:projectmanager,tabindex:3)
2024-12-12 21:00:34,067 [INFO] PluginManage:302 - Check plugin thirdparty
2024-12-12 21:00:34,224 [INFO] PluginManage:352 - Loaded plugin thirdparty (category:base,tabindex:-1)
2024-12-12 21:00:34,224 [INFO] PluginManage:302 - Check plugin tools
2024-12-12 21:00:34,224 [WARN] IntegrityCheckThread:78 - waiting for thirdparty lock release [integrity check]
2024-12-12 21:00:34,224 [INFO] IntegrityCheckThread:80 - entering critical section [integrity check]
2024-12-12 21:00:34,224 [INFO] ThirdPartyUpdaterWithRetryManager:66 - Updater plugin not ready yet. [1/15]
2024-12-12 21:00:34,224 [INFO] PluginManage:352 - Loaded plugin tools (category:base,tabindex:7)
2024-12-12 21:00:34,224 [INFO] PluginManage:302 - Check plugin tutovideos
2024-12-12 21:00:34,663 [INFO] PluginManage:352 - Loaded plugin tutovideos (category:base,tabindex:-1)
2024-12-12 21:00:34,663 [INFO] PluginManage:302 - Check plugin updater
2024-12-12 21:00:34,679 [INFO] PluginManage:352 - Loaded plugin updater (category:base,tabindex:12)
2024-12-12 21:00:34,679 [INFO] PluginManage:275 - PluginManage : Loaded plugins [13]
2024-12-12 21:00:34,914 [INFO] PinOutPanel:1463 - setPackage(No Configuration,No Configuration)
2024-12-12 21:00:35,039 [INFO] IPUIPlugin:74 - create IPUIPlugin
2024-12-12 21:00:35,039 [INFO] PluginManager:213 - loadIPPluginJar : add adc
2024-12-12 21:00:35,055 [INFO] IPUIPlugin:74 - create IPUIPlugin
2024-12-12 21:00:35,055 [INFO] PluginManager:213 - loadIPPluginJar : add aes
2024-12-12 21:00:35,055 [INFO] IPUIPlugin:74 - create IPUIPlugin
2024-12-12 21:00:35,055 [INFO] PluginManager:213 - loadIPPluginJar : add can
2024-12-12 21:00:35,055 [INFO] IPUIPlugin:74 - create IPUIPlugin
2024-12-12 21:00:35,055 [INFO] PluginManager:213 - loadIPPluginJar : add comp
2024-12-12 21:00:35,071 [INFO] IPUIPlugin:74 - create IPUIPlugin
2024-12-12 21:00:35,071 [INFO] PluginManager:213 - loadIPPluginJar : add cryp
2024-12-12 21:00:35,071 [INFO] IPUIPlugin:74 - create IPUIPlugin
2024-12-12 21:00:35,071 [INFO] PluginManager:213 - loadIPPluginJar : add dfsdm
2024-12-12 21:00:35,102 [INFO] IPUIPlugin:74 - create IPUIPlugin
2024-12-12 21:00:35,102 [INFO] PluginManager:213 - loadIPPluginJar : add dma
2024-12-12 21:00:35,117 [INFO] IPUIPlugin:74 - create IPUIPlugin
2024-12-12 21:00:35,117 [INFO] PluginManager:213 - loadIPPluginJar : add dma3
2024-12-12 21:00:35,117 [INFO] IPUIPlugin:74 - create IPUIPlugin
2024-12-12 21:00:35,117 [INFO] PluginManager:213 - loadIPPluginJar : add fatfs
2024-12-12 21:00:35,133 [INFO] IPUIPlugin:74 - create IPUIPlugin
2024-12-12 21:00:35,133 [INFO] PluginManager:213 - loadIPPluginJar : add fmc
2024-12-12 21:00:35,149 [INFO] IPUIPlugin:74 - create IPUIPlugin
2024-12-12 21:00:35,149 [INFO] PluginManager:213 - loadIPPluginJar : add freertos
2024-12-12 21:00:35,149 [INFO] IPUIPlugin:74 - create IPUIPlugin
2024-12-12 21:00:35,149 [INFO] PluginManager:213 - loadIPPluginJar : add genericplugin
2024-12-12 21:00:35,149 [INFO] IPUIPlugin:74 - create IPUIPlugin
2024-12-12 21:00:35,149 [INFO] PluginManager:213 - loadIPPluginJar : add gfxmmu
2024-12-12 21:00:35,165 [INFO] IPUIPlugin:74 - create IPUIPlugin
2024-12-12 21:00:35,165 [INFO] PluginManager:213 - loadIPPluginJar : add gic
2024-12-12 21:00:35,180 [INFO] IPUIPlugin:74 - create IPUIPlugin
2024-12-12 21:00:35,180 [INFO] PluginManager:213 - loadIPPluginJar : add gpio
2024-12-12 21:00:35,180 [INFO] IPUIPlugin:74 - create IPUIPlugin
2024-12-12 21:00:35,180 [INFO] PluginManager:213 - loadIPPluginJar : add gtzc
2024-12-12 21:00:35,180 [INFO] IPUIPlugin:74 - create IPUIPlugin
2024-12-12 21:00:35,180 [INFO] PluginManager:213 - loadIPPluginJar : add hash
2024-12-12 21:00:35,196 [INFO] IPUIPlugin:74 - create IPUIPlugin
2024-12-12 21:00:35,196 [INFO] PluginManager:213 - loadIPPluginJar : add i2c
2024-12-12 21:00:35,196 [INFO] IPUIPlugin:74 - create IPUIPlugin
2024-12-12 21:00:35,196 [INFO] PluginManager:213 - loadIPPluginJar : add i2s
2024-12-12 21:00:35,196 [INFO] IPUIPlugin:74 - create IPUIPlugin
2024-12-12 21:00:35,196 [INFO] PluginManager:213 - loadIPPluginJar : add ipddr
2024-12-12 21:00:35,211 [INFO] IPUIPlugin:74 - create IPUIPlugin
2024-12-12 21:00:35,211 [INFO] PluginManager:213 - loadIPPluginJar : add linkedlist
2024-12-12 21:00:35,211 [INFO] IPUIPlugin:74 - create IPUIPlugin
2024-12-12 21:00:35,211 [INFO] PluginManager:213 - loadIPPluginJar : add lorawan
2024-12-12 21:00:35,211 [INFO] IPUIPlugin:74 - create IPUIPlugin
2024-12-12 21:00:35,211 [INFO] PluginManager:213 - loadIPPluginJar : add ltdc
2024-12-12 21:00:35,230 [INFO] IPUIPlugin:74 - create IPUIPlugin
2024-12-12 21:00:35,230 [INFO] PluginManager:213 - loadIPPluginJar : add mdma
2024-12-12 21:00:35,230 [INFO] IPUIPlugin:74 - create IPUIPlugin
2024-12-12 21:00:35,230 [INFO] PluginManager:213 - loadIPPluginJar : add nvic
2024-12-12 21:00:35,230 [INFO] IPUIPlugin:74 - create IPUIPlugin
2024-12-12 21:00:35,230 [INFO] PluginManager:213 - loadIPPluginJar : add opamp
2024-12-12 21:00:35,230 [INFO] IPUIPlugin:74 - create IPUIPlugin
2024-12-12 21:00:35,230 [INFO] PluginManager:213 - loadIPPluginJar : add openamp
2024-12-12 21:00:35,243 [INFO] IPUIPlugin:74 - create IPUIPlugin
2024-12-12 21:00:35,243 [INFO] PluginManager:213 - loadIPPluginJar : add pdm2pcm
2024-12-12 21:00:35,243 [INFO] IPUIPlugin:74 - create IPUIPlugin
2024-12-12 21:00:35,243 [INFO] PluginManager:213 - loadIPPluginJar : add plateformsettings
2024-12-12 21:00:35,243 [INFO] IPUIPlugin:74 - create IPUIPlugin
2024-12-12 21:00:35,243 [INFO] PluginManager:213 - loadIPPluginJar : add quadspi
2024-12-12 21:00:35,258 [INFO] IPUIPlugin:74 - create IPUIPlugin
2024-12-12 21:00:35,258 [INFO] PluginManager:213 - loadIPPluginJar : add resmgrutility
2024-12-12 21:00:35,258 [INFO] IPUIPlugin:74 - create IPUIPlugin
2024-12-12 21:00:35,258 [INFO] PluginManager:213 - loadIPPluginJar : add sai
2024-12-12 21:00:35,258 [INFO] IPUIPlugin:74 - create IPUIPlugin
2024-12-12 21:00:35,258 [INFO] PluginManager:213 - loadIPPluginJar : add spi
2024-12-12 21:00:35,258 [INFO] IPUIPlugin:74 - create IPUIPlugin
2024-12-12 21:00:35,274 [INFO] PluginManager:213 - loadIPPluginJar : add stm32_wpan
2024-12-12 21:00:35,274 [INFO] IPUIPlugin:74 - create IPUIPlugin
2024-12-12 21:00:35,274 [INFO] PluginManager:213 - loadIPPluginJar : add tim
2024-12-12 21:00:35,274 [INFO] IPUIPlugin:74 - create IPUIPlugin
2024-12-12 21:00:35,274 [INFO] PluginManager:213 - loadIPPluginJar : add touchsensing
2024-12-12 21:00:35,274 [INFO] IPUIPlugin:74 - create IPUIPlugin
2024-12-12 21:00:35,274 [INFO] PluginManager:213 - loadIPPluginJar : add tracer_emb
2024-12-12 21:00:35,290 [INFO] IPUIPlugin:74 - create IPUIPlugin
2024-12-12 21:00:35,290 [INFO] PluginManager:213 - loadIPPluginJar : add ts
2024-12-12 21:00:35,290 [INFO] IPUIPlugin:74 - create IPUIPlugin
2024-12-12 21:00:35,290 [INFO] PluginManager:213 - loadIPPluginJar : add tsc
2024-12-12 21:00:35,290 [INFO] IPUIPlugin:74 - create IPUIPlugin
2024-12-12 21:00:35,290 [INFO] PluginManager:213 - loadIPPluginJar : add ucpd
2024-12-12 21:00:35,290 [INFO] IPUIPlugin:74 - create IPUIPlugin
2024-12-12 21:00:35,290 [INFO] PluginManager:213 - loadIPPluginJar : add usart
2024-12-12 21:00:35,305 [INFO] IPUIPlugin:74 - create IPUIPlugin
2024-12-12 21:00:35,305 [INFO] PluginManager:213 - loadIPPluginJar : add usbx
2024-12-12 21:00:35,686 [FATAL] Updater:294 - Updater called before beeing initialized
2024-12-12 21:00:35,890 [FATAL] Updater:294 - Updater called before beeing initialized
2024-12-12 21:00:35,905 [INFO] DbMcusAds:47 - JSON generation date=Fri Sep 20 20:04:23 ICT 2024 (1726837463113)
2024-12-12 21:00:35,905 [FATAL] Updater:294 - Updater called before beeing initialized
2024-12-12 21:00:35,990 [WARN] DetailPanel:314 - Failed to get advertising image, set to default
2024-12-12 21:00:36,201 [FATAL] Updater:294 - Updater called before beeing initialized
2024-12-12 21:00:36,201 [FATAL] Updater:294 - Updater called before beeing initialized
2024-12-12 21:00:36,201 [FATAL] Updater:294 - Updater called before beeing initialized
2024-12-12 21:00:36,201 [WARN] DetailPanel:314 - Failed to get advertising image, set to default
2024-12-12 21:00:36,201 [FATAL] Updater:294 - Updater called before beeing initialized
2024-12-12 21:00:36,279 [ERROR] Updater:1075 - MainUpdater not yet initialized. External WinMGr cannot be set.
2024-12-12 21:00:36,295 [INFO] Updater:1012 - Updater Version found : 6.3.0
2024-12-12 21:00:36,326 [INFO] ApplicationProperties:181 - Using Application install path: C:\ST\STM32CubeIDE_1.7.0\STM32CubeIDE\plugins\com.st.stm32cube.common.mx_6.3.0.202107141111
2024-12-12 21:00:36,624 [INFO] MainUpdater:2671 - connection check result : 10
2024-12-12 21:00:36,624 [INFO] MainUpdater:265 - Updater Check For Update Now.
2024-12-12 21:00:36,624 [INFO] MicroXplorer:478 - Change Database Version : DB.6.0.30
2024-12-12 21:00:36,828 [INFO] CheckServerUpdateThread:112 - End of CheckServer Thread
2024-12-12 21:00:36,859 [INFO] MainUpdater:2671 - connection check result : 10
2024-12-12 21:00:36,860 [INFO] McuFinderGlobals:52 - Set McuFinderConnectedMode to true
2024-12-12 21:00:37,205 [INFO] ServerAccessManage:362 - Download File mcusAds.json._tmp_
2024-12-12 21:00:37,236 [WARN] MainUpdater:1122 - Updater busy. Cannot search thirdparties
2024-12-12 21:00:37,236 [INFO] ThirdPartyUpdaterWithRetryManager:92 - Updater plugin is busy. [1/15]
2024-12-12 21:00:37,335 [INFO] LoadUrlFilesThread:145 - End of LoadUrlFiles Thread
2024-12-12 21:00:38,033 [INFO] ServerAccessManage:362 - Download File mcusDocs.json._tmp_
2024-12-12 21:00:38,749 [INFO] LoadUrlFilesThread:145 - End of LoadUrlFiles Thread
2024-12-12 21:00:39,047 [INFO] ServerAccessManage:362 - Download File mcusFeaturesAndDescription.json._tmp_
2024-12-12 21:00:40,237 [WARN] MainUpdater:1122 - Updater busy. Cannot search thirdparties
2024-12-12 21:00:40,237 [INFO] ThirdPartyUpdaterWithRetryManager:92 - Updater plugin is busy. [2/15]
2024-12-12 21:00:43,246 [WARN] MainUpdater:1122 - Updater busy. Cannot search thirdparties
2024-12-12 21:00:43,247 [INFO] ThirdPartyUpdaterWithRetryManager:92 - Updater plugin is busy. [3/15]
2024-12-12 21:00:44,168 [INFO] LoadUrlFilesThread:145 - End of LoadUrlFiles Thread
2024-12-12 21:00:44,449 [INFO] ServerAccessManage:362 - Download File boardsDocs.json._tmp_
2024-12-12 21:00:44,575 [INFO] LoadUrlFilesThread:145 - End of LoadUrlFiles Thread
2024-12-12 21:00:44,765 [INFO] ServerAccessManage:362 - Download File boards.json._tmp_
2024-12-12 21:00:44,982 [INFO] LoadUrlFilesThread:145 - End of LoadUrlFiles Thread
2024-12-12 21:00:45,250 [INFO] ServerAccessManage:362 - Download File cube-finder-db.zip
2024-12-12 21:00:46,252 [WARN] MainUpdater:1122 - Updater busy. Cannot search thirdparties
2024-12-12 21:00:46,252 [INFO] ThirdPartyUpdaterWithRetryManager:92 - Updater plugin is busy. [4/15]
2024-12-12 21:00:49,258 [WARN] MainUpdater:1122 - Updater busy. Cannot search thirdparties
2024-12-12 21:00:49,258 [INFO] ThirdPartyUpdaterWithRetryManager:92 - Updater plugin is busy. [5/15]
2024-12-12 21:00:52,270 [WARN] MainUpdater:1122 - Updater busy. Cannot search thirdparties
2024-12-12 21:00:52,270 [INFO] ThirdPartyUpdaterWithRetryManager:92 - Updater plugin is busy. [6/15]
2024-12-12 21:00:55,275 [WARN] MainUpdater:1122 - Updater busy. Cannot search thirdparties
2024-12-12 21:00:55,275 [INFO] ThirdPartyUpdaterWithRetryManager:92 - Updater plugin is busy. [7/15]
2024-12-12 21:00:58,288 [WARN] MainUpdater:1122 - Updater busy. Cannot search thirdparties
2024-12-12 21:00:58,288 [INFO] ThirdPartyUpdaterWithRetryManager:92 - Updater plugin is busy. [8/15]
2024-12-12 21:01:01,296 [WARN] MainUpdater:1122 - Updater busy. Cannot search thirdparties
2024-12-12 21:01:01,296 [INFO] ThirdPartyUpdaterWithRetryManager:92 - Updater plugin is busy. [9/15]
2024-12-12 21:01:04,310 [WARN] MainUpdater:1122 - Updater busy. Cannot search thirdparties
2024-12-12 21:01:04,310 [INFO] ThirdPartyUpdaterWithRetryManager:92 - Updater plugin is busy. [10/15]
2024-12-12 21:01:07,315 [WARN] MainUpdater:1122 - Updater busy. Cannot search thirdparties
2024-12-12 21:01:07,315 [INFO] ThirdPartyUpdaterWithRetryManager:92 - Updater plugin is busy. [11/15]
2024-12-12 21:01:09,266 [INFO] FileExtend:235 - Unzip File : cube-finder-db.zip
2024-12-12 21:01:09,266 [INFO] FileExtend:250 - Standard Zip Deflate
2024-12-12 21:01:10,336 [WARN] MainUpdater:1122 - Updater busy. Cannot search thirdparties
2024-12-12 21:01:10,336 [INFO] ThirdPartyUpdaterWithRetryManager:92 - Updater plugin is busy. [12/15]
2024-12-12 21:01:10,402 [INFO] LoadUrlFilesThread:145 - End of LoadUrlFiles Thread
2024-12-12 21:01:11,459 [INFO] ServerAccessManage:362 - Download File crdb.zip
2024-12-12 21:01:12,760 [INFO] FileExtend:235 - Unzip File : crdb.zip
2024-12-12 21:01:12,760 [INFO] FileExtend:250 - Standard Zip Deflate
2024-12-12 21:01:12,890 [INFO] LoadUrlFilesThread:145 - End of LoadUrlFiles Thread
2024-12-12 21:01:13,345 [WARN] MainUpdater:1122 - Updater busy. Cannot search thirdparties
2024-12-12 21:01:13,346 [INFO] ThirdPartyUpdaterWithRetryManager:92 - Updater plugin is busy. [13/15]
2024-12-12 21:01:13,534 [INFO] ServerAccessManage:362 - Download File tutoVideoDB.zip
2024-12-12 21:01:13,624 [INFO] FileExtend:235 - Unzip File : tutoVideoDB.zip
2024-12-12 21:01:13,624 [INFO] FileExtend:250 - Standard Zip Deflate
2024-12-12 21:01:13,749 [INFO] LoadUrlFilesThread:145 - End of LoadUrlFiles Thread
2024-12-12 21:01:13,749 [INFO] DbMcusAds:47 - JSON generation date=Fri Sep 20 20:04:23 ICT 2024 (1726837463113)
2024-12-12 21:01:13,765 [INFO] DbMcusDocs:143 - JSON generation date=Tue Nov 16 23:17:54 ICT 2021 (1637079474)
2024-12-12 21:01:13,765 [INFO] DbMcusXml:100 - Load MCU database from C:\ST\STM32CubeIDE_1.7.0\STM32CubeIDE\plugins\com.st.stm32cube.common.mx_6.3.0.202107141111\\db\/mcu/families.xml
2024-12-12 21:01:14,635 [INFO] DbMcusJson:93 - JSON generation date=Tue Nov 16 23:17:54 ICT 2021 (1637079474)
2024-12-12 21:01:15,377 [INFO] DbMcus:175 - Found 1951 MCUs (1903 are supported by CubeMX, 1914 are visible in CubeMX)
2024-12-12 21:01:15,377 [INFO] ApiDb:251 - Load user favorites file C:\Users\TIEN DUY/.stm32cubeide/favorites.mcus.txt: 0 item(s)
2024-12-12 21:01:15,377 [INFO] ApiDb:255 - User favorites MCUs=[]
2024-12-12 21:01:15,377 [INFO] DbMcus:187 - Set 0 / 0 favorites MCUs
2024-12-12 21:01:16,039 [INFO] DbMcusDocs:79 - Found 682 MCUs documents
2024-12-12 21:01:16,055 [INFO] ApiDb:276 - Save user favorites file C:\Users\TIEN DUY/.stm32cubeide/favorites.mcus.txt: 0 item(s)
2024-12-12 21:01:16,055 [INFO] ApiDb:280 - User favorites MCUs=[]
2024-12-12 21:01:16,055 [INFO] DbMcusXml:100 - Load MCU database from C:\ST\STM32CubeIDE_1.7.0\STM32CubeIDE\plugins\com.st.stm32cube.common.mx_6.3.0.202107141111\\db\/mcu/families.xml
2024-12-12 21:01:16,574 [ERROR] Engine:463 - C:\Users\TIEN DUY\.stm32cubemx\thirdparties\pdsc\STMicroelectronics.FP-SNS-MOTENVWB1.1.4.0.pdsc: PDSC version is not supported
2024-12-12 21:01:16,605 [WARN] PackLoader:238 - Cannot read IP mode file for STMicroelectronics.FP-ATR-ASTRA1.2.0.1
2024-12-12 21:01:16,632 [ERROR] Engine:463 - C:\Users\TIEN DUY\.stm32cubemx\thirdparties\pdsc\STMicroelectronics.X-CUBE-SMBUS.2.1.0.pdsc: PDSC version is not supported
2024-12-12 21:01:16,639 [WARN] PackLoader:238 - Cannot read IP mode file for STMicroelectronics.X-CUBE-WB05N.1.1.0
2024-12-12 21:01:16,692 [WARN] PackLoader:238 - Cannot read IP mode file for STMicroelectronics.X-CUBE-AZRTOS-F7.1.1.0
2024-12-12 21:01:16,796 [WARN] PackLoader:238 - Cannot read IP mode file for STMicroelectronics.X-CUBE-MEMS1.11.0.0
2024-12-12 21:01:17,033 [INFO] DbMcusJson:93 - JSON generation date=Tue Nov 16 23:17:54 ICT 2021 (1637079474)
2024-12-12 21:01:17,112 [ERROR] Engine:463 - C:\Users\TIEN DUY\.stm32cubemx\thirdparties\pdsc\STMicroelectronics.FP-SNS-FLIGHT1.5.0.2.pdsc: PDSC version is not supported
2024-12-12 21:01:17,112 [ERROR] Engine:463 - C:\Users\TIEN DUY\.stm32cubemx\thirdparties\pdsc\STMicroelectronics.X-CUBE-DISPLAY.3.0.0.pdsc: PDSC version is not supported
2024-12-12 21:01:17,129 [WARN] PackLoader:238 - Cannot read IP mode file for STMicroelectronics.X-CUBE-BLE1.7.0.0
2024-12-12 21:01:17,144 [WARN] PackLoader:238 - Cannot read IP mode file for STMicroelectronics.X-CUBE-NFC10.1.0.0
2024-12-12 21:01:17,144 [ERROR] Engine:463 - C:\Users\TIEN DUY\.stm32cubemx\thirdparties\pdsc\STMicroelectronics.X-CUBE-BLEMGR.4.0.0.pdsc: PDSC version is not supported
2024-12-12 21:01:17,144 [ERROR] Engine:463 - C:\Users\TIEN DUY\.stm32cubemx\thirdparties\pdsc\emotas.I-CUBE-CANOPEN.1.3.0.pdsc: PDSC version is not supported
2024-12-12 21:01:17,160 [ERROR] Engine:463 - C:\Users\TIEN DUY\.stm32cubemx\thirdparties\pdsc\STMicroelectronics.X-CUBE-BLEMGR.3.1.0.pdsc: PDSC version is not supported
2024-12-12 21:01:17,160 [ERROR] Engine:463 - C:\Users\TIEN DUY\.stm32cubemx\thirdparties\pdsc\STMicroelectronics.FP-SNS-SMARTAG2.1.2.0.pdsc: PDSC version is not supported
2024-12-12 21:01:17,176 [INFO] LogOutputStream:76 - [STDOUT_REDIRECT] 1 : Invalid condition id : UX_CORESTACK_Condition cause : null
2024-12-12 21:01:17,176 [INFO] LogOutputStream:76 - [STDOUT_REDIRECT] 1 : Invalid condition id : UX_CORESTACK_Condition cause : null
2024-12-12 21:01:17,176 [INFO] LogOutputStream:76 - [STDOUT_REDIRECT] 1 : Invalid condition id : UX_CORESTACK_Condition cause : null
2024-12-12 21:01:17,176 [INFO] LogOutputStream:76 - [STDOUT_REDIRECT] 1 : Invalid condition id : UX_CORESTACK_Condition cause : null
2024-12-12 21:01:17,176 [INFO] LogOutputStream:76 - [STDOUT_REDIRECT] 1 : Invalid condition id : UX_CORESTACK_Condition cause : null
2024-12-12 21:01:17,191 [WARN] PackLoader:238 - Cannot read IP mode file for STMicroelectronics.X-CUBE-AZRTOS-WL.2.0.0
2024-12-12 21:01:17,191 [ERROR] Engine:463 - C:\Users\TIEN DUY\.stm32cubemx\thirdparties\pdsc\STMicroelectronics.FP-SNS-MOTENV1.5.0.0.pdsc: PDSC version is not supported
2024-12-12 21:01:17,191 [WARN] PackLoader:238 - Cannot read IP mode file for wolfSSL.I-CUBE-wolfMQTT.1.19.0
2024-12-12 21:01:17,207 [WARN] PackLoader:238 - Cannot read IP mode file for WES.I-CUBE-Cesium.1.3.0
2024-12-12 21:01:17,207 [WARN] PackLoader:238 - Cannot read IP mode file for STMicroelectronics.X-CUBE-BLE2.3.3.0
2024-12-12 21:01:17,223 [WARN] PackLoader:238 - Cannot read IP mode file for STMicroelectronics.X-CUBE-NFC9.1.0.0
2024-12-12 21:01:17,238 [ERROR] Engine:463 - C:\Users\TIEN DUY\.stm32cubemx\thirdparties\pdsc\STMicroelectronics.X-CUBE-TCPP.4.1.0.pdsc: PDSC version is not supported
2024-12-12 21:01:17,286 [WARN] PackLoader:238 - Cannot read IP mode file for STMicroelectronics.X-CUBE-AZRTOS-G0.1.1.0
2024-12-12 21:01:17,317 [WARN] PackLoader:238 - Cannot read IP mode file for STMicroelectronics.X-CUBE-SAFEA1.1.2.2
2024-12-12 21:01:17,317 [WARN] PackLoader:238 - Cannot read IP mode file for STMicroelectronics.X-CUBE-NFC4.3.0.0
2024-12-12 21:01:17,332 [ERROR] Engine:463 - C:\Users\TIEN DUY\.stm32cubemx\thirdparties\pdsc\EmbeddedOffice.I-CUBE-FS-RTOS.1.0.1.pdsc: PDSC version is not supported
2024-12-12 21:01:17,332 [ERROR] Engine:463 - C:\Users\TIEN DUY\.stm32cubemx\thirdparties\pdsc\RealThread.X-CUBE-RT-Thread_Nano.4.1.1.pdsc: PDSC version is not supported
2024-12-12 21:01:17,348 [WARN] PackLoader:238 - Cannot read IP mode file for STMicroelectronics.FP-ATR-SIGFOX1.3.2.0
2024-12-12 21:01:17,364 [WARN] PackLoader:238 - Cannot read IP mode file for wolfSSL.I-CUBE-wolfSSL.5.7.2
2024-12-12 21:01:17,364 [ERROR] Engine:463 - C:\Users\TIEN DUY\.stm32cubemx\thirdparties\pdsc\quantropi.X-CUBE-qispace-sdk-base.1.9.3.pdsc: PDSC version is not supported
2024-12-12 21:01:17,379 [WARN] PackLoader:238 - Cannot read IP mode file for STMicroelectronics.X-CUBE-EEPRMA1.5.1.0
2024-12-12 21:01:17,395 [ERROR] Engine:463 - C:\Users\TIEN DUY\.stm32cubemx\thirdparties\pdsc\ITTIA_DB.I-CUBE-ITTIADB.8.9.0.pdsc: PDSC version is not supported
2024-12-12 21:01:17,458 [WARN] PackLoader:238 - Cannot read IP mode file for SEGGER.I-CUBE-embOS.1.3.1
2024-12-12 21:01:17,537 [WARN] PackLoader:238 - Cannot read IP mode file for STMicroelectronics.X-CUBE-ALGOBUILD.1.4.0
2024-12-12 21:01:17,537 [WARN] PackLoader:238 - Cannot read IP mode file for STMicroelectronics.X-CUBE-AI.9.1.0
2024-12-12 21:01:17,599 [WARN] PackLoader:238 - Cannot read IP mode file for STMicroelectronics.X-CUBE-AZRTOS-F4.1.1.0
2024-12-12 21:01:17,599 [WARN] PackLoader:238 - Cannot read IP mode file for STMicroelectronics.X-CUBE-ISPU.2.1.0
2024-12-12 21:01:17,615 [ERROR] Engine:463 - C:\Users\TIEN DUY\.stm32cubemx\thirdparties\pdsc\STMicroelectronics.X-CUBE-FREERTOS.1.2.0.pdsc: PDSC version is not supported
2024-12-12 21:01:17,678 [WARN] PackLoader:238 - Cannot read IP mode file for STMicroelectronics.X-CUBE-AZRTOS-L5.2.0.0
2024-12-12 21:01:17,700 [WARN] PackLoader:238 - Cannot read IP mode file for STMicroelectronics.X-CUBE-NFC6.3.1.0
2024-12-12 21:01:17,704 [ERROR] Engine:463 - C:\Users\TIEN DUY\.stm32cubemx\thirdparties\pdsc\STMicroelectronics.X-CUBE-DPower.1.2.0.pdsc: PDSC version is not supported
2024-12-12 21:01:17,709 [WARN] PackLoader:238 - Cannot read IP mode file for STMicroelectronics.X-CUBE-AI.9.0.0
2024-12-12 21:01:17,728 [ERROR] Engine:463 - C:\Users\TIEN DUY\.stm32cubemx\thirdparties\pdsc\STMicroelectronics.X-CUBE-FREERTOS.1.3.0.pdsc: PDSC version is not supported
2024-12-12 21:01:17,731 [WARN] PackLoader:238 - Cannot read IP mode file for STMicroelectronics.X-CUBE-NFC7.1.0.1
2024-12-12 21:01:17,771 [WARN] ConditionMgr:437 - getConditionDescription Invalid condition id : LAN8742 Phy interface Condition cause : null
2024-12-12 21:01:17,773 [WARN] PackLoader:238 - Cannot read IP mode file for STMicroelectronics.X-CUBE-AZRTOS-L4.2.0.0
2024-12-12 21:01:17,773 [WARN] ConditionMgr:1038 - genDependencies : Invalid condition id : LAN8742 Phy interface Condition cause : null
2024-12-12 21:01:17,773 [WARN] ConditionMgr:1038 - genDependencies : Invalid condition id : LAN8742 Phy interface Condition cause : null
2024-12-12 21:01:17,773 [WARN] ConditionMgr:1038 - genDependencies : Invalid condition id : LAN8742 Phy interface Condition cause : null
2024-12-12 21:01:17,788 [WARN] PackLoader:238 - Cannot read IP mode file for STMicroelectronics.X-CUBE-SFXS2LP1.4.0.0
2024-12-12 21:01:17,822 [WARN] PackLoader:238 - Cannot read IP mode file for STMicroelectronics.X-CUBE-AZRTOS-H7.3.3.0
2024-12-12 21:01:17,836 [ERROR] Engine:463 - C:\Users\TIEN DUY\.stm32cubemx\thirdparties\pdsc\STMicroelectronics.X-CUBE-IPS.3.0.0.pdsc: PDSC version is not supported
2024-12-12 21:01:17,852 [WARN] ConditionMgr:437 - getConditionDescription Invalid condition id : UX DEVICE CLASS RTOS Condition cause : null
2024-12-12 21:01:17,852 [WARN] ConditionMgr:437 - getConditionDescription Invalid condition id : UX DEVICE CLASS RTOS Condition cause : null
2024-12-12 21:01:17,852 [WARN] PackLoader:238 - Cannot read IP mode file for STMicroelectronics.X-CUBE-AZRTOS-WB.2.0.0
2024-12-12 21:01:17,852 [WARN] ConditionMgr:1038 - genDependencies : Invalid condition id : UX DEVICE CLASS RTOS Condition cause : null
2024-12-12 21:01:17,852 [WARN] ConditionMgr:1038 - genDependencies : Invalid condition id : UX DEVICE CLASS RTOS Condition cause : null
2024-12-12 21:01:17,852 [WARN] ConditionMgr:1038 - genDependencies : Invalid condition id : UX DEVICE CLASS RTOS Condition cause : null
2024-12-12 21:01:17,852 [WARN] ConditionMgr:1038 - genDependencies : Invalid condition id : UX DEVICE CLASS RTOS Condition cause : null
2024-12-12 21:01:17,852 [WARN] ConditionMgr:1038 - genDependencies : Invalid condition id : UX DEVICE CLASS RTOS Condition cause : null
2024-12-12 21:01:17,852 [WARN] PackLoader:238 - Cannot read IP mode file for STMicroelectronics.X-CUBE-GNSS1.7.0.0
2024-12-12 21:01:17,868 [ERROR] Engine:463 - C:\Users\TIEN DUY\.stm32cubemx\thirdparties\pdsc\STMicroelectronics.FP-SNS-STBOX1.2.0.0.pdsc: PDSC version is not supported
2024-12-12 21:01:17,899 [WARN] PackLoader:238 - Cannot read IP mode file for STMicroelectronics.X-CUBE-SUBG2.5.0.0
2024-12-12 21:01:17,899 [ERROR] Engine:463 - C:\Users\TIEN DUY\.stm32cubemx\thirdparties\pdsc\Cesanta.I-CUBE-Mongoose.7.13.0.pdsc: PDSC version is not supported
2024-12-12 21:01:17,930 [WARN] PackLoader:238 - Cannot read IP mode file for STMicroelectronics.X-CUBE-AZRTOS-G4.2.0.0
2024-12-12 21:01:17,930 [WARN] PackLoader:238 - Cannot read IP mode file for STMicroelectronics.X-CUBE-ISPU.2.0.0
2024-12-12 21:01:17,930 [ERROR] Engine:463 - C:\Users\TIEN DUY\.stm32cubemx\thirdparties\pdsc\STMicroelectronics.X-CUBE-ALS.1.0.2.pdsc: PDSC version is not supported
2024-12-12 21:01:17,946 [INFO] DbMcus:175 - Found 1951 MCUs (1903 are supported by CubeMX, 1914 are visible in CubeMX)
2024-12-12 21:01:17,946 [INFO] ApiDb:251 - Load user favorites file C:\Users\TIEN DUY/.stm32cubeide/favorites.mcus.txt: 0 item(s)
2024-12-12 21:01:17,946 [INFO] ApiDb:255 - User favorites MCUs=[]
2024-12-12 21:01:17,946 [INFO] DbMcus:187 - Set 0 / 0 favorites MCUs
2024-12-12 21:01:17,946 [WARN] PackLoader:238 - Cannot read IP mode file for STMicroelectronics.X-CUBE-TOUCHGFX.4.24.0
2024-12-12 21:01:17,946 [WARN] PackLoader:238 - Cannot read IP mode file for STMicroelectronics.X-CUBE-TOUCHGFX.4.24.1
2024-12-12 21:01:17,946 [INFO] DbBoardsDocs:143 - JSON generation date=Tue Nov 16 23:17:54 ICT 2021 (1637079474)
2024-12-12 21:01:17,946 [WARN] PackLoader:238 - Cannot read IP mode file for wolfSSL.I-CUBE-wolfTPM.3.4.0
2024-12-12 21:01:17,962 [WARN] PackLoader:238 - Cannot read IP mode file for portGmbH.I-Cube-SoM-uGOAL.1.1.0
2024-12-12 21:01:17,978 [INFO] DbBoardsPdsc:90 - Found 25 items
2024-12-12 21:01:17,978 [INFO] DbBoardsPdsc:90 - Found 9 items
2024-12-12 21:01:17,993 [INFO] DbBoardsPdsc:90 - Found 33 items
2024-12-12 21:01:17,993 [INFO] DbBoardsPdsc:90 - Found 1 items
2024-12-12 21:01:17,993 [WARN] PackLoader:238 - Cannot read IP mode file for STMicroelectronics.X-CUBE-AZRTOS-H7RS.1.0.0
2024-12-12 21:01:17,993 [INFO] DbBoardsPdsc:90 - Found 48 items
2024-12-12 21:01:18,009 [WARN] PackLoader:238 - Cannot read IP mode file for STMicroelectronics.FP-ATR-ASTRA1.2.0.0
2024-12-12 21:01:18,024 [INFO] DbBoardsPdsc:90 - Found 43 items
2024-12-12 21:01:18,024 [INFO] DbBoardsPdsc:90 - Found 2 items
2024-12-12 21:01:18,024 [INFO] DbBoardsPdsc:90 - Found 5 items
2024-12-12 21:01:18,024 [ERROR] Engine:463 - C:\Users\TIEN DUY\.stm32cubemx\thirdparties\pdsc\STMicroelectronics.X-CUBE-TOF1.3.4.2.pdsc: PDSC version is not supported
2024-12-12 21:01:18,040 [WARN] DbBoardsPdsc:254 - Board STM32H7B3I-DK: unknown feature type=Audio, name=, username=Audio stereo codec with Headphone Amp (CS42L51-CNZ), n=1
2024-12-12 21:01:18,040 [WARN] DbBoardsPdsc:254 - Board STM32H735G-DK: unknown feature type=Audio, name=, username=Audio stereo codec with Headphone Amp (WM8994ECS/R), n=1
2024-12-12 21:01:18,040 [ERROR] Engine:463 - C:\Users\TIEN DUY\.stm32cubemx\thirdparties\pdsc\Infineon.AIROC-Wi-Fi-Bluetooth-STM32.1.6.1.pdsc: PDSC version is not supported
2024-12-12 21:01:18,040 [WARN] DbBoardsPdsc:254 - Board STM32H7B3I-EVAL: unknown feature type=Audio, name=, username=Multi-Channel Audio Codec (CS42L51-CNZ), n=1
2024-12-12 21:01:18,040 [WARN] DbBoardsPdsc:254 - Board STM32H7B3I-EVAL: unknown feature type=Meter, name=, username=Power-metering and Temperature-monitoring with sigma-delta modulators, n=1
2024-12-12 21:01:18,040 [WARN] DbBoardsPdsc:254 - Board STM32H7B3I-EVAL: unknown feature type=Motor, name=, username=Motor Control, n=1
2024-12-12 21:01:18,040 [WARN] DbBoardsPdsc:254 - Board STM32U575I-EV: unknown feature type=joystick, name=, username=4-direction joystick with selection button, n=1
2024-12-12 21:01:18,056 [WARN] PackLoader:238 - Cannot read IP mode file for wolfSSL.I-CUBE-wolfSSH.1.4.17
2024-12-12 21:01:18,056 [INFO] ThirdParty:915 - Integrity check success = true
2024-12-12 21:01:18,056 [INFO] IntegrityCheckThread:94 - exiting critical section [integrity check]
2024-12-12 21:01:18,056 [INFO] IntegrityCheckThread:97 - End integrity checks thread
2024-12-12 21:01:18,103 [INFO] DbBoardsJson:86 - JSON generation date=Tue Nov 16 23:17:54 ICT 2021 (1637079474)
2024-12-12 21:01:18,119 [INFO] DbBoards:117 - Found 167 boards (163 are supported by CubeMX)
2024-12-12 21:01:18,119 [INFO] DbBoardsDocs:143 - JSON generation date=Tue Nov 16 23:17:54 ICT 2021 (1637079474)
2024-12-12 21:01:18,134 [INFO] DbBoardsDocs:79 - Found 209 boards documents
2024-12-12 21:01:18,134 [WARN] DbBoards:127 - board B-L475E-IOT01A2 has no document id list !
2024-12-12 21:01:18,134 [WARN] DbBoards:127 - board NUCLEO-H743ZI has no document id list !
2024-12-12 21:01:18,134 [WARN] DbBoards:127 - board NUCLEO-WL55JC2 has no document id list !
2024-12-12 21:01:18,134 [WARN] DbBoards:127 - board P-NUCLEO-WB55-Nucleo has no document id list !
2024-12-12 21:01:18,134 [WARN] DbBoards:127 - board P-NUCLEO-WB55-USBDongle has no document id list !
2024-12-12 21:01:18,134 [WARN] DbBoards:127 - board STEVAL-BFA001V1B has no document id list !
2024-12-12 21:01:18,134 [WARN] DbBoards:127 - board STEVAL-BFA001V2B has no document id list !
2024-12-12 21:01:18,134 [WARN] DbBoards:127 - board STEVAL-IDP005V1 has no document id list !
2024-12-12 21:01:18,134 [WARN] DbBoards:127 - board STEVAL-IDP005V2 has no document id list !
2024-12-12 21:01:18,134 [WARN] DbBoards:127 - board STEVAL-MKSBOX1V1 has no document id list !
2024-12-12 21:01:18,134 [WARN] DbBoards:127 - board STEVAL-STWINKT1 has no document id list !
2024-12-12 21:01:18,134 [WARN] DbBoards:127 - board STEVAL-STWINKT1B has no document id list !
2024-12-12 21:01:18,134 [WARN] DbBoards:127 - board STM32439I-EVAL2 has no document id list !
2024-12-12 21:01:18,134 [WARN] DbBoards:127 - board STM32F401C-DISCO has no document id list !
2024-12-12 21:01:18,134 [WARN] DbBoards:127 - board STM32F769I-DISC1 has no document id list !
2024-12-12 21:01:18,134 [WARN] DbBoards:127 - board STM32G474E-EVAL1 has no document id list !
2024-12-12 21:01:18,134 [WARN] DbBoards:127 - board STM32H743I-EVAL2 has no document id list !
2024-12-12 21:01:18,134 [WARN] DbBoards:127 - board STM32H747I-DISC1 has no document id list !
2024-12-12 21:01:18,134 [WARN] DbBoards:127 - board STM32H753I-EVAL2 has no document id list !
2024-12-12 21:01:18,134 [WARN] DbBoards:127 - board STM32L-DISCOVERY has no document id list !
2024-12-12 21:01:18,463 [ERROR] DbBoards:189 - Image file not found for board B-U585I-IOT02A: C:\ST\STM32CubeIDE_1.7.0\STM32CubeIDE\plugins\com.st.stm32cube.common.mx_6.3.0.202107141111\\db\/plugins/mcufinder/images/boards/B-U585I-IOT02A_small.jpg
2024-12-12 21:01:18,582 [ERROR] DbBoards:189 - Image file not found for board NUCLEO-F413ZH: C:\ST\STM32CubeIDE_1.7.0\STM32CubeIDE\plugins\com.st.stm32cube.common.mx_6.3.0.202107141111\\db\/plugins/mcufinder/images/boards/nucleo-f413zh_small.jpg
2024-12-12 21:01:18,816 [ERROR] DbBoards:189 - Image file not found for board NUCLEO-L552ZE-Q: C:\ST\STM32CubeIDE_1.7.0\STM32CubeIDE\plugins\com.st.stm32cube.common.mx_6.3.0.202107141111\\db\/plugins/mcufinder/images/boards/nucleo_l552ze_q_small.jpg
2024-12-12 21:01:18,816 [ERROR] DbBoards:189 - Image file not found for board NUCLEO-U575ZI-Q: C:\ST\STM32CubeIDE_1.7.0\STM32CubeIDE\plugins\com.st.stm32cube.common.mx_6.3.0.202107141111\\db\/plugins/mcufinder/images/boards/nucleo-u575zi-q_small.jpg
2024-12-12 21:01:18,816 [ERROR] DbBoards:189 - Image file not found for board NUCLEO-WB15CC: C:\ST\STM32CubeIDE_1.7.0\STM32CubeIDE\plugins\com.st.stm32cube.common.mx_6.3.0.202107141111\\db\/plugins/mcufinder/images/boards/nucleo-wb15cc_small.jpg
2024-12-12 21:01:18,816 [ERROR] DbBoards:189 - Image file not found for board NUCLEO-WB55RG: C:\ST\STM32CubeIDE_1.7.0\STM32CubeIDE\plugins\com.st.stm32cube.common.mx_6.3.0.202107141111\\db\/plugins/mcufinder/images/boards/nucleo-wb55rg_small.jpg
2024-12-12 21:01:20,491 [INFO] ApiDb:251 - Load user favorites file C:\Users\TIEN DUY/.stm32cubeide/favorites.boards.txt: 0 item(s)
2024-12-12 21:01:20,491 [INFO] ApiDb:255 - User favorites Boards=[]
2024-12-12 21:01:20,491 [INFO] DbBoards:206 - Set 0 / 0 favorites Boards
2024-12-12 21:01:20,491 [INFO] DbBoardsDocs:79 - Found 418 boards documents
2024-12-12 21:01:20,506 [INFO] ApiDb:276 - Save user favorites file C:\Users\TIEN DUY/.stm32cubeide/favorites.boards.txt: 0 item(s)
2024-12-12 21:01:20,506 [INFO] ApiDb:280 - User favorites Boards=[]
2024-12-12 21:01:20,506 [INFO] DbBoardsPdsc:90 - Found 25 items
2024-12-12 21:01:20,506 [INFO] DbBoardsPdsc:90 - Found 9 items
2024-12-12 21:01:20,522 [INFO] DbBoardsPdsc:90 - Found 33 items
2024-12-12 21:01:20,522 [INFO] DbBoardsPdsc:90 - Found 1 items
2024-12-12 21:01:20,522 [INFO] DbBoardsPdsc:90 - Found 48 items
2024-12-12 21:01:20,538 [INFO] DbBoardsPdsc:90 - Found 43 items
2024-12-12 21:01:20,538 [INFO] DbBoardsPdsc:90 - Found 2 items
2024-12-12 21:01:20,538 [INFO] DbBoardsPdsc:90 - Found 5 items
2024-12-12 21:01:20,538 [WARN] DbBoardsPdsc:254 - Board STM32H7B3I-DK: unknown feature type=Audio, name=, username=Audio stereo codec with Headphone Amp (CS42L51-CNZ), n=1
2024-12-12 21:01:20,538 [WARN] DbBoardsPdsc:254 - Board STM32H735G-DK: unknown feature type=Audio, name=, username=Audio stereo codec with Headphone Amp (WM8994ECS/R), n=1
2024-12-12 21:01:20,553 [WARN] DbBoardsPdsc:254 - Board STM32H7B3I-EVAL: unknown feature type=Audio, name=, username=Multi-Channel Audio Codec (CS42L51-CNZ), n=1
2024-12-12 21:01:20,553 [WARN] DbBoardsPdsc:254 - Board STM32H7B3I-EVAL: unknown feature type=Meter, name=, username=Power-metering and Temperature-monitoring with sigma-delta modulators, n=1
2024-12-12 21:01:20,553 [WARN] DbBoardsPdsc:254 - Board STM32H7B3I-EVAL: unknown feature type=Motor, name=, username=Motor Control, n=1
2024-12-12 21:01:20,553 [WARN] DbBoardsPdsc:254 - Board STM32U575I-EV: unknown feature type=joystick, name=, username=4-direction joystick with selection button, n=1
2024-12-12 21:01:20,569 [INFO] DbBoardsJson:86 - JSON generation date=Tue Nov 16 23:17:54 ICT 2021 (1637079474)
2024-12-12 21:01:20,569 [INFO] DbBoards:117 - Found 167 boards (163 are supported by CubeMX)
2024-12-12 21:01:20,569 [WARN] DbBoards:127 - board B-L475E-IOT01A2 has no document id list !
2024-12-12 21:01:20,569 [WARN] DbBoards:127 - board NUCLEO-H743ZI has no document id list !
2024-12-12 21:01:20,569 [WARN] DbBoards:127 - board NUCLEO-WL55JC2 has no document id list !
2024-12-12 21:01:20,569 [WARN] DbBoards:127 - board P-NUCLEO-WB55-Nucleo has no document id list !
2024-12-12 21:01:20,569 [WARN] DbBoards:127 - board P-NUCLEO-WB55-USBDongle has no document id list !
2024-12-12 21:01:20,569 [WARN] DbBoards:127 - board STEVAL-BFA001V1B has no document id list !
2024-12-12 21:01:20,569 [WARN] DbBoards:127 - board STEVAL-BFA001V2B has no document id list !
2024-12-12 21:01:20,569 [WARN] DbBoards:127 - board STEVAL-IDP005V1 has no document id list !
2024-12-12 21:01:20,569 [WARN] DbBoards:127 - board STEVAL-IDP005V2 has no document id list !
2024-12-12 21:01:20,569 [WARN] DbBoards:127 - board STEVAL-MKSBOX1V1 has no document id list !
2024-12-12 21:01:20,569 [WARN] DbBoards:127 - board STEVAL-STWINKT1 has no document id list !
2024-12-12 21:01:20,569 [WARN] DbBoards:127 - board STEVAL-STWINKT1B has no document id list !
2024-12-12 21:01:20,569 [WARN] DbBoards:127 - board STM32439I-EVAL2 has no document id list !
2024-12-12 21:01:20,585 [WARN] DbBoards:127 - board STM32F401C-DISCO has no document id list !
2024-12-12 21:01:20,585 [WARN] DbBoards:127 - board STM32F769I-DISC1 has no document id list !
2024-12-12 21:01:20,585 [WARN] DbBoards:127 - board STM32G474E-EVAL1 has no document id list !
2024-12-12 21:01:20,585 [WARN] DbBoards:127 - board STM32H743I-EVAL2 has no document id list !
2024-12-12 21:01:20,585 [WARN] DbBoards:127 - board STM32H747I-DISC1 has no document id list !
2024-12-12 21:01:20,585 [WARN] DbBoards:127 - board STM32H753I-EVAL2 has no document id list !
2024-12-12 21:01:20,585 [WARN] DbBoards:127 - board STM32L-DISCOVERY has no document id list !
2024-12-12 21:01:20,711 [ERROR] DbBoards:189 - Image file not found for board B-U585I-IOT02A: C:\ST\STM32CubeIDE_1.7.0\STM32CubeIDE\plugins\com.st.stm32cube.common.mx_6.3.0.202107141111\\db\/plugins/mcufinder/images/boards/B-U585I-IOT02A_small.jpg
2024-12-12 21:01:20,867 [ERROR] DbBoards:189 - Image file not found for board NUCLEO-F413ZH: C:\ST\STM32CubeIDE_1.7.0\STM32CubeIDE\plugins\com.st.stm32cube.common.mx_6.3.0.202107141111\\db\/plugins/mcufinder/images/boards/nucleo-f413zh_small.jpg
2024-12-12 21:01:21,071 [ERROR] DbBoards:189 - Image file not found for board NUCLEO-L552ZE-Q: C:\ST\STM32CubeIDE_1.7.0\STM32CubeIDE\plugins\com.st.stm32cube.common.mx_6.3.0.202107141111\\db\/plugins/mcufinder/images/boards/nucleo_l552ze_q_small.jpg
2024-12-12 21:01:21,071 [ERROR] DbBoards:189 - Image file not found for board NUCLEO-U575ZI-Q: C:\ST\STM32CubeIDE_1.7.0\STM32CubeIDE\plugins\com.st.stm32cube.common.mx_6.3.0.202107141111\\db\/plugins/mcufinder/images/boards/nucleo-u575zi-q_small.jpg
2024-12-12 21:01:21,071 [ERROR] DbBoards:189 - Image file not found for board NUCLEO-WB15CC: C:\ST\STM32CubeIDE_1.7.0\STM32CubeIDE\plugins\com.st.stm32cube.common.mx_6.3.0.202107141111\\db\/plugins/mcufinder/images/boards/nucleo-wb15cc_small.jpg
2024-12-12 21:01:21,071 [ERROR] DbBoards:189 - Image file not found for board NUCLEO-WB55RG: C:\ST\STM32CubeIDE_1.7.0\STM32CubeIDE\plugins\com.st.stm32cube.common.mx_6.3.0.202107141111\\db\/plugins/mcufinder/images/boards/nucleo-wb55rg_small.jpg
2024-12-12 21:01:22,090 [INFO] ApiDb:251 - Load user favorites file C:\Users\TIEN DUY/.stm32cubeide/favorites.boards.txt: 0 item(s)
2024-12-12 21:01:22,090 [INFO] ApiDb:255 - User favorites Boards=[]
2024-12-12 21:01:22,090 [INFO] DbBoards:206 - Set 0 / 0 favorites Boards
2024-12-12 21:01:22,106 [INFO] LoadUrlFilesThread:172 - End of LoadServerUrlFiles without Thread
2024-12-12 21:01:22,106 [INFO] TargetSelectorAdapter:224 - Refresh data is successful
2024-12-12 21:01:22,943 [INFO] ApiDb:479 - Connected to CubeFinder SQLite database (C:\Users\TIEN DUY\.stmcufinder\plugins\mcufinder\mcu\cube-finder-db.db)
2024-12-12 21:01:24,000 [ERROR] DbExamplesSqlite:446 - Missing JSON key: board_cpn
2024-12-12 21:01:24,000 [ERROR] DbExamplesSqlite:446 - Missing JSON key: board_cpn
2024-12-12 21:01:24,000 [ERROR] DbExamplesSqlite:446 - Missing JSON key: board_cpn
2024-12-12 21:01:24,000 [ERROR] DbExamplesSqlite:446 - Missing JSON key: board_cpn
2024-12-12 21:01:24,150 [ERROR] DbExamplesSqlite:446 - Missing JSON key: board_cpn
2024-12-12 21:01:24,150 [ERROR] DbExamplesSqlite:446 - Missing JSON key: board_cpn
2024-12-12 21:01:24,150 [ERROR] DbExamplesSqlite:446 - Missing JSON key: board_cpn
2024-12-12 21:01:24,150 [ERROR] DbExamplesSqlite:446 - Missing JSON key: board_cpn
2024-12-12 21:01:24,150 [ERROR] DbExamplesSqlite:446 - Missing JSON key: board_cpn
2024-12-12 21:01:24,150 [ERROR] DbExamplesSqlite:446 - Missing JSON key: board_cpn
2024-12-12 21:01:24,150 [ERROR] DbExamplesSqlite:446 - Missing JSON key: board_cpn
2024-12-12 21:01:24,150 [ERROR] DbExamplesSqlite:446 - Missing JSON key: board_cpn
2024-12-12 21:01:24,150 [ERROR] DbExamplesSqlite:446 - Missing JSON key: board_cpn
2024-12-12 21:01:24,275 [INFO] DbExamplesSqlite:411 - Ignored 77 examples not supported by CubeIDE
2024-12-12 21:01:24,275 [INFO] DbExamplesSqlite:412 - Found 10474 examples active
2024-12-12 21:01:24,275 [INFO] DbExamplesSqlite:413 - Found 0 examples obsolete
2024-12-12 21:01:24,275 [INFO] DbExamplesSqlite:414 - Found 0 examples under development
2024-12-12 21:01:24,275 [INFO] DbExamplesSqlite:415 - Found 43 examples not building
2024-12-12 21:01:24,354 [INFO] DbExamplesSqlite:108 - CubeFinder database Data Model version=2.1
2024-12-12 21:01:24,354 [INFO] DbExamplesSqlite:109 - CubeFinder database Configuration version=3.0.39
2024-12-12 21:01:24,354 [INFO] DbExamplesSqlite:110 - CubeFinder database generation date=2024-11-21 (1732182206)
2024-12-12 21:01:24,354 [INFO] DbExamplesSqlite:111 - CubeFinder database FW Pack versions=[FP-ATR-ASTRA1_V2.0.0, FP-SNS-FLIGHT1_V5.0.2, FP-SNS-MOTENV1_V5.0.0, FP-SNS-MOTENVWB1_V1.4.0, FP-SNS-SMARTAG2_V1.2.0, FP-SNS-STBOX1_V2.0.0, STM32Cube_FW_C0_V1.3.0, STM32Cube_FW_F4_V1.28.1, STM32Cube_FW_F7_V1.17.2, STM32Cube_FW_G0_V1.6.2, STM32Cube_FW_G4_V1.6.1, STM32Cube_FW_H5_V1.4.0, STM32Cube_FW_H7RS_V1.1.0, STM32Cube_FW_H7_V1.12.0, STM32Cube_FW_L0_V1.12.2, STM32Cube_FW_L4_V1.18.1, STM32Cube_FW_L5_V1.5.1, STM32Cube_FW_N6_V1.0.0, STM32Cube_FW_U0_V1.2.0, STM32Cube_FW_U3_V1.0.0, STM32Cube_FW_U5_V1.7.0, STM32Cube_FW_WB0_V1.1.0, STM32Cube_FW_WBA_V1.5.0, STM32Cube_FW_WB_V1.21.0, STM32Cube_FW_WL3_V1.0.0, STM32Cube_FW_WL_V1.3.0, X-CUBE-ALGOBUILD_V1.4.0, X-CUBE-ALS_V1.0.2, X-CUBE-AZRTOS-F4_V1.1.0, X-CUBE-AZRTOS-F7_V1.1.0, X-CUBE-AZRTOS-G0_V1.1.0, X-CUBE-AZRTOS-G4_V2.0.0, X-CUBE-AZRTOS-H7RS_V1.0.0, X-CUBE-AZRTOS-H7_V3.3.0, X-CUBE-AZRTOS-L4_V2.0.0, X-CUBE-AZRTOS-L5_V2.0.0, X-CUBE-AZRTOS-WB_V2.0.0, X-CUBE-AZRTOS-WL_V2.0.0, X-CUBE-BLE1_V7.0.0, X-CUBE-BLE2_V3.3.0, X-CUBE-BLEMGR_V3.1.0, X-CUBE-EEPRMA1_V5.1.0, X-CUBE-FREERTOS_V1.2.0, X-CUBE-GNSS1_V6.0.0, X-CUBE-MEMS1_V11.0.0, X-CUBE-NFC4_V3.0.0, X-CUBE-NFC7_V1.0.1, X-CUBE-SFXS2LP1_V4.0.0, X-CUBE-SUBG2_V5.0.0, X-CUBE-TOF1_V3.4.2]
2024-12-12 21:01:24,354 [INFO] DbExamples:130 - Found 10440 examples
2024-12-12 21:01:25,336 [ERROR] DbExamples:206 - Found 10440 examples with invalid data (board or MCU)
2024-12-12 21:01:25,336 [INFO] DbExamples:222 - Found 96 boards with related examples
2024-12-12 21:01:25,336 [INFO] DbExamples:235 - Found 0 MCUs with related examples
2024-12-12 21:01:25,352 [INFO] ApiDb:242 - User favorites file not found: C:\Users\TIEN DUY/.stm32cubeide/favorites.examples.txt
2024-12-12 21:01:25,352 [INFO] DbExamples:256 - Set 0 / 0 favorites Examples
2024-12-12 21:01:25,504 [INFO] McuFinderGlobals:52 - Set McuFinderConnectedMode to false
2024-12-12 21:01:25,698 [INFO] CrossSelectorPresenter:1330 - Cross Selector saved comparison directory: C:\Users\TIEN DUY\.stmcufinder\plugins\mcufinder\mcu\cs_comparisons_mx
2024-12-12 21:01:25,726 [INFO] MultiScanPanel:197 - Auto-refresh data requested => check proxy status ongoing
2024-12-12 21:01:25,726 [INFO] MultiScanPanel:201 - Proxy status is invalid
2024-12-12 21:01:25,726 [INFO] FinderPluginLoader:87 - Searching for filters in installed packs
2024-12-12 21:01:26,559 [INFO] DetailPanel:309 - Set advertising image to C:/Users/TIEN DUY/STM32Cube/Repository/\en.prom-stm32c071-usb-memories-mcu-finder.png
2024-12-12 22:24:20,578 [INFO] MainUpdater:2671 - connection check result : 10
2024-12-12 22:24:20,578 [INFO] MainUpdater:2671 - connection check result : 10
2024-12-12 22:24:20,641 [INFO] MicroXplorer:448 - Change Database Path : 
2024-12-12 22:24:20,641 [INFO] MicroXplorer:478 - Change Database Version : DB.6.0.30
2024-12-12 22:24:20,641 [WARN] ThirdParty:813 - waiting for thirdparty lock release [close project]
2024-12-12 22:24:20,641 [INFO] ThirdParty:815 - entering critical section [close project]
2024-12-12 22:24:20,656 [INFO] ThirdParty:825 - exiting critical section [close project]
2024-12-12 22:24:20,656 [INFO] PinOutPanel:1463 - setPackage(No Configuration,No Configuration)
2024-12-12 22:24:20,656 [INFO] UtilMem:74 - Begin LoadConfig() Used Memory: 877173144 Bytes (975175680)
2024-12-12 22:24:20,656 [INFO] MicroXplorer:448 - Change Database Path : 
2024-12-12 22:24:20,656 [INFO] MicroXplorer:478 - Change Database Version : DB.6.0.30
2024-12-12 22:24:20,656 [INFO] OpenFileManager:313 - Change cursor
2024-12-12 22:24:21,627 [INFO] Context:592 - Trying to add GPIOservice into a context  which must be forbidden
2024-12-12 22:24:21,815 [INFO] ImportTextPane:167 - (OptionalMessage_ERROR) Unable to find key (Mcu.ThirdPartyNb) in loaded IOC file
2024-12-12 22:24:21,815 [INFO] ImportTextPane:167 - (OptionalMessage_ERROR) Unable to find key (Mcu.PinsNb) in loaded IOC file
2024-12-12 22:24:21,815 [INFO] ImportTextPane:167 - (OptionalMessage_ERROR) Unable to find key (Mcu.IPNb) in loaded IOC file
2024-12-12 22:24:21,862 [WARN] ApiManager:304 - Cannot register API 'Board Extension:NFC09A1' from pack STMicroelectronics.X-CUBE-NFC9.1.0.0: no header file found
2024-12-12 22:24:21,862 [WARN] ApiManager:304 - Cannot register API 'Wireless:STM32WB05N' from pack STMicroelectronics.X-CUBE-WB05N.1.1.0: no header file found
2024-12-12 22:24:21,862 [WARN] ApiManager:304 - Cannot register API 'Board Extension:GNSS1A1' from pack STMicroelectronics.X-CUBE-GNSS1.7.0.0: no header file found
2024-12-12 22:24:21,862 [WARN] ApiManager:304 - Cannot register API 'Board Support:Custom' from pack STMicroelectronics.X-CUBE-GNSS1.7.0.0: no header file found
2024-12-12 22:24:21,862 [WARN] ApiManager:304 - Cannot register API 'Data Exchange:lib_gnss' from pack STMicroelectronics.X-CUBE-GNSS1.7.0.0: no header file found
2024-12-12 22:24:21,877 [WARN] ApiManager:304 - Cannot register API 'Board Extension:NFC06A1' from pack STMicroelectronics.X-CUBE-NFC6.3.1.0: no header file found
2024-12-12 22:24:21,877 [WARN] ApiManager:304 - Cannot register API 'Board Extension:NFC08A1' from pack STMicroelectronics.X-CUBE-NFC6.3.1.0: no header file found
2024-12-12 22:24:22,018 [WARN] ApiManager:304 - Cannot register API 'Board Extension:IKS01A3' from pack STMicroelectronics.X-CUBE-MEMS1.11.0.0: no header file found
2024-12-12 22:24:22,018 [WARN] ApiManager:304 - Cannot register API 'Board Extension:IKS02A1' from pack STMicroelectronics.X-CUBE-MEMS1.11.0.0: no header file found
2024-12-12 22:24:22,018 [WARN] ApiManager:304 - Cannot register API 'Board Extension:IKS4A1' from pack STMicroelectronics.X-CUBE-MEMS1.11.0.0: no header file found
2024-12-12 22:24:22,018 [INFO] RtosManager:484 - Registered RTOS mode: class=CMSIS, group=RTOS, mode=CMSIS_V1, owner=FREERTOS
2024-12-12 22:24:22,018 [INFO] RtosManager:484 - Registered RTOS mode: class=CMSIS, group=RTOS2, mode=CMSIS_V2, owner=FREERTOS
2024-12-12 22:24:22,018 [INFO] RtosManager:484 - Registered RTOS mode: class=RTOS, group=Core, mode=CMSIS_V1, owner=FREERTOS
2024-12-12 22:24:22,018 [INFO] RtosManager:484 - Registered RTOS mode: class=RTOS, group=Core, mode=CMSIS_V2, owner=FREERTOS
2024-12-12 22:24:22,018 [WARN] ModelIntegratedComponent:181 - Missing modes for component STMicroelectronics:FreeRTOS:0.0.1:STMicroelectronics:RTOS:FreeRTOS:Core:::10.2.0:
2024-12-12 22:24:22,018 [WARN] ApiManager:304 - Cannot register API 'Board Extension:STSAFEA1' from pack STMicroelectronics.X-CUBE-SAFEA1.1.2.2: no header file found
2024-12-12 22:24:22,018 [WARN] ApiManager:304 - Cannot register API 'Board Part:STSAFEA110' from pack STMicroelectronics.X-CUBE-SAFEA1.1.2.2: no header file found
2024-12-12 22:24:22,018 [WARN] ApiManager:304 - Cannot register API 'Security:ST_Cryptolib' from pack STMicroelectronics.X-CUBE-SAFEA1.1.2.2: no header file found
2024-12-12 22:24:22,018 [WARN] ApiManager:304 - Cannot register API 'Security:MbedTLS' from pack STMicroelectronics.X-CUBE-SAFEA1.1.2.2: no header file found
2024-12-12 22:24:22,018 [WARN] ApiManager:304 - Cannot register API 'Board Extension:NFC04A1' from pack STMicroelectronics.X-CUBE-NFC4.3.0.0: no header file found
2024-12-12 22:24:22,018 [WARN] ApiManager:304 - Cannot register API 'Board Extension:S2868A1' from pack STMicroelectronics.X-CUBE-SUBG2.5.0.0: no header file found
2024-12-12 22:24:22,018 [WARN] ApiManager:304 - Cannot register API 'Board Extension:S2868A2' from pack STMicroelectronics.X-CUBE-SUBG2.5.0.0: no header file found
2024-12-12 22:24:22,018 [WARN] ApiManager:304 - Cannot register API 'Board Extension:S2915A1' from pack STMicroelectronics.X-CUBE-SUBG2.5.0.0: no header file found
2024-12-12 22:24:22,034 [WARN] ApiManager:304 - Cannot register API 'Wireless:BlueNRG-MS' from pack STMicroelectronics.X-CUBE-BLE1.7.0.0: no header file found
2024-12-12 22:24:22,034 [WARN] ApiManager:304 - Cannot register API 'Board Extension:NFC10A1' from pack STMicroelectronics.X-CUBE-NFC10.1.0.0: no header file found
2024-12-12 22:24:22,034 [WARN] ApiManager:304 - Cannot register API 'Board Extension:EEPRMA2' from pack STMicroelectronics.X-CUBE-EEPRMA1.5.1.0: no header file found
2024-12-12 22:24:22,034 [WARN] ApiManager:304 - Cannot register API 'Board Extension:PGEEZ1' from pack STMicroelectronics.X-CUBE-EEPRMA1.5.1.0: no header file found
2024-12-12 22:24:22,034 [WARN] ApiManager:304 - Cannot register API 'Board Extension:EEICA1' from pack STMicroelectronics.X-CUBE-EEPRMA1.5.1.0: no header file found
2024-12-12 22:24:22,034 [WARN] ApiManager:304 - Cannot register API 'Board Part:M24' from pack STMicroelectronics.X-CUBE-EEPRMA1.5.1.0: no header file found
2024-12-12 22:24:22,034 [WARN] ApiManager:304 - Cannot register API 'Board Part:M95' from pack STMicroelectronics.X-CUBE-EEPRMA1.5.1.0: no header file found
2024-12-12 22:24:22,034 [WARN] ApiManager:304 - Cannot register API 'Board Part:M95P32' from pack STMicroelectronics.X-CUBE-EEPRMA1.5.1.0: no header file found
2024-12-12 22:24:22,034 [WARN] ApiManager:304 - Cannot register API 'Board Part:M24256E-F' from pack STMicroelectronics.X-CUBE-EEPRMA1.5.1.0: no header file found
2024-12-12 22:24:22,034 [WARN] ApiManager:304 - Cannot register API 'Board Part:M24M01E-F' from pack STMicroelectronics.X-CUBE-EEPRMA1.5.1.0: no header file found
2024-12-12 22:24:22,034 [WARN] ApiManager:304 - Cannot register API 'PGEEZ1:SPI' from pack STMicroelectronics.X-CUBE-EEPRMA1.5.1.0: no header file found
2024-12-12 22:24:22,034 [WARN] ApiManager:304 - Cannot register API 'PGEEZ1:QDSPI' from pack STMicroelectronics.X-CUBE-EEPRMA1.5.1.0: no header file found
2024-12-12 22:24:22,034 [WARN] ModelIntegratedComponent:60 - No mode defined for component null
2024-12-12 22:24:22,034 [WARN] ModelIntegratedComponent:60 - No mode defined for component null
2024-12-12 22:24:22,034 [WARN] ModelIntegratedComponent:60 - No mode defined for component null
2024-12-12 22:24:22,034 [WARN] ModelIntegratedComponent:60 - No mode defined for component null
2024-12-12 22:24:22,034 [WARN] ModelIntegratedComponent:60 - No mode defined for component null
2024-12-12 22:24:22,034 [WARN] ModelIntegratedComponent:60 - No mode defined for component null
2024-12-12 22:24:22,034 [WARN] ModelIntegratedComponent:60 - No mode defined for component null
2024-12-12 22:24:22,034 [WARN] ModelIntegratedComponent:60 - No mode defined for component null
2024-12-12 22:24:22,034 [WARN] ModelIntegratedComponent:60 - No mode defined for component null
2024-12-12 22:24:22,034 [WARN] ModelIntegratedComponent:60 - No mode defined for component null
2024-12-12 22:24:22,034 [WARN] ModelIntegratedComponent:60 - No mode defined for component null
2024-12-12 22:24:22,034 [WARN] ModelIntegratedComponent:60 - No mode defined for component null
2024-12-12 22:24:22,034 [WARN] ModelIntegratedComponent:60 - No mode defined for component null
2024-12-12 22:24:22,034 [WARN] ModelIntegratedComponent:60 - No mode defined for component null
2024-12-12 22:24:22,034 [WARN] ModelIntegratedComponent:60 - No mode defined for component null
2024-12-12 22:24:22,034 [WARN] ModelIntegratedComponent:60 - No mode defined for component null
2024-12-12 22:24:22,034 [WARN] ModelIntegratedComponent:60 - No mode defined for component null
2024-12-12 22:24:22,034 [WARN] ModelIntegratedComponent:60 - No mode defined for component null
2024-12-12 22:24:22,034 [WARN] ModelIntegratedComponent:60 - No mode defined for component null
2024-12-12 22:24:22,034 [WARN] ModelIntegratedComponent:60 - No mode defined for component null
2024-12-12 22:24:22,034 [WARN] ModelIntegratedComponent:60 - No mode defined for component null
2024-12-12 22:24:22,034 [WARN] ModelIntegratedComponent:60 - No mode defined for component null
2024-12-12 22:24:22,034 [WARN] ModelIntegratedComponent:60 - No mode defined for component null
2024-12-12 22:24:22,034 [WARN] ModelIntegratedComponent:60 - No mode defined for component null
2024-12-12 22:24:22,034 [WARN] ModelIntegratedComponent:60 - No mode defined for component null
2024-12-12 22:24:22,034 [WARN] ModelIntegratedComponent:60 - No mode defined for component null
2024-12-12 22:24:22,034 [WARN] ModelIntegratedComponent:60 - No mode defined for component null
2024-12-12 22:24:22,034 [WARN] ModelIntegratedComponent:60 - No mode defined for component null
2024-12-12 22:24:22,034 [WARN] ModelIntegratedComponent:60 - No mode defined for component null
2024-12-12 22:24:22,034 [WARN] ModelIntegratedComponent:60 - No mode defined for component null
2024-12-12 22:24:22,034 [WARN] ModelIntegratedComponent:60 - No mode defined for component null
2024-12-12 22:24:22,034 [WARN] ApiManager:304 - Cannot register API 'Board Extension:NFC07A1' from pack STMicroelectronics.X-CUBE-NFC7.1.0.1: no header file found
2024-12-12 22:24:22,034 [WARN] ApiManager:304 - Cannot register API 'Board Extension:S2868A1' from pack STMicroelectronics.X-CUBE-SFXS2LP1.4.0.0: no header file found
2024-12-12 22:24:22,034 [WARN] ApiManager:304 - Cannot register API 'Board Extension:S2868A2' from pack STMicroelectronics.X-CUBE-SFXS2LP1.4.0.0: no header file found
2024-12-12 22:24:22,034 [WARN] ApiManager:304 - Cannot register API 'Board Extension:S2915A1' from pack STMicroelectronics.X-CUBE-SFXS2LP1.4.0.0: no header file found
2024-12-12 22:24:22,034 [WARN] ApiManager:304 - Cannot register API 'Wireless:BlueNRG-2' from pack STMicroelectronics.X-CUBE-BLE2.3.3.0: no header file found
2024-12-12 22:24:23,474 [INFO] UtilMem:74 - End LoadConfig() Used Memory: 828404672 Bytes (981467136)
2024-12-12 22:24:23,489 [WARN] ThirdParty:779 - waiting for thirdparty lock release [change project]
2024-12-12 22:24:23,489 [INFO] ThirdParty:781 - entering critical section [change project]
2024-12-12 22:24:23,489 [INFO] ThirdParty:967 - CMSIS Pack Vendor :STMicroelectronics X-CUBE-AZRTOS-H7 3.3.0
2024-12-12 22:24:23,489 [INFO] ThirdParty:967 - CMSIS Pack Vendor :STMicroelectronics X-CUBE-NFC9 1.0.0
2024-12-12 22:24:23,489 [INFO] ThirdParty:967 - CMSIS Pack Vendor :STMicroelectronics USB_HOST 2.0.0
2024-12-12 22:24:23,489 [INFO] ThirdParty:967 - CMSIS Pack Vendor :STMicroelectronics X-CUBE-AZRTOS-F4 1.1.0
2024-12-12 22:24:23,489 [INFO] ThirdParty:967 - CMSIS Pack Vendor :STMicroelectronics FP-ATR-ASTRA1 2.0.1
2024-12-12 22:24:23,489 [INFO] ThirdParty:967 - CMSIS Pack Vendor :STMicroelectronics X-CUBE-WB05N 1.1.0
2024-12-12 22:24:23,489 [INFO] ThirdParty:967 - CMSIS Pack Vendor :STMicroelectronics USB_DEVICE 3.0.0
2024-12-12 22:24:23,489 [INFO] ThirdParty:967 - CMSIS Pack Vendor :STMicroelectronics X-CUBE-ISPU 2.1.0
2024-12-12 22:24:23,489 [INFO] ThirdParty:967 - CMSIS Pack Vendor :STMicroelectronics X-CUBE-AZRTOS-WB 2.0.0
2024-12-12 22:24:23,489 [INFO] ThirdParty:967 - CMSIS Pack Vendor :STMicroelectronics X-CUBE-GNSS1 7.0.0
2024-12-12 22:24:23,489 [INFO] ThirdParty:967 - CMSIS Pack Vendor :STMicroelectronics X-CUBE-AZRTOS-F7 1.1.0
2024-12-12 22:24:23,489 [INFO] ThirdParty:967 - CMSIS Pack Vendor :STMicroelectronics X-CUBE-AZRTOS-L5 2.0.0
2024-12-12 22:24:23,489 [INFO] ThirdParty:967 - CMSIS Pack Vendor :STMicroelectronics USB_DEVICE 2.0.0
2024-12-12 22:24:23,489 [INFO] ThirdParty:967 - CMSIS Pack Vendor :STMicroelectronics X-CUBE-NFC6 3.1.0
2024-12-12 22:24:23,489 [INFO] ThirdParty:967 - CMSIS Pack Vendor :STMicroelectronics X-CUBE-MEMS1 11.0.0
2024-12-12 22:24:23,489 [INFO] ThirdParty:967 - CMSIS Pack Vendor :STMicroelectronics FreeRTOS 0.0.1
2024-12-12 22:24:23,489 [INFO] ThirdParty:967 - CMSIS Pack Vendor :STMicroelectronics X-CUBE-AZRTOS-G0 1.1.0
2024-12-12 22:24:23,489 [INFO] ThirdParty:967 - CMSIS Pack Vendor :STMicroelectronics X-CUBE-SAFEA1 1.2.2
2024-12-12 22:24:23,489 [INFO] ThirdParty:967 - CMSIS Pack Vendor :STMicroelectronics X-CUBE-NFC4 3.0.0
2024-12-12 22:24:23,489 [INFO] ThirdParty:967 - CMSIS Pack Vendor :STMicroelectronics X-CUBE-SUBG2 5.0.0
2024-12-12 22:24:23,489 [INFO] ThirdParty:967 - CMSIS Pack Vendor :STMicroelectronics lwIP 2.0.3
2024-12-12 22:24:23,489 [INFO] ThirdParty:967 - CMSIS Pack Vendor :STMicroelectronics USB_HOST 1.0.0
2024-12-12 22:24:23,489 [INFO] ThirdParty:967 - CMSIS Pack Vendor :STMicroelectronics X-CUBE-AI 9.0.0
2024-12-12 22:24:23,489 [INFO] ThirdParty:967 - CMSIS Pack Vendor :STMicroelectronics X-CUBE-AZRTOS-G4 2.0.0
2024-12-12 22:24:23,489 [INFO] ThirdParty:967 - CMSIS Pack Vendor :STMicroelectronics PDM2PCM 3.1.0
2024-12-12 22:24:23,489 [INFO] ThirdParty:967 - CMSIS Pack Vendor :STMicroelectronics PDM2PCM 3.3.0
2024-12-12 22:24:23,489 [INFO] ThirdParty:967 - CMSIS Pack Vendor :STMicroelectronics X-CUBE-BLE1 7.0.0
2024-12-12 22:24:23,489 [INFO] ThirdParty:967 - CMSIS Pack Vendor :STMicroelectronics FP-ATR-SIGFOX1 3.2.0
2024-12-12 22:24:23,489 [INFO] ThirdParty:967 - CMSIS Pack Vendor :STMicroelectronics X-CUBE-NFC10 1.0.0
2024-12-12 22:24:23,489 [INFO] ThirdParty:967 - CMSIS Pack Vendor :wolfSSL I-CUBE-wolfSSL 5.7.2
2024-12-12 22:24:23,489 [INFO] ThirdParty:967 - CMSIS Pack Vendor :STMicroelectronics X-CUBE-ISPU 2.0.0
2024-12-12 22:24:23,489 [INFO] ThirdParty:967 - CMSIS Pack Vendor :STMicroelectronics X-CUBE-EEPRMA1 5.1.0
2024-12-12 22:24:23,489 [INFO] ThirdParty:967 - CMSIS Pack Vendor :STMicroelectronics HAL Drivers 0.0.0
2024-12-12 22:24:23,489 [INFO] ThirdParty:967 - CMSIS Pack Vendor :STMicroelectronics MBEDTLS 2.16.2
2024-12-12 22:24:23,489 [INFO] ThirdParty:967 - CMSIS Pack Vendor :STMicroelectronics X-CUBE-NFC7 1.0.1
2024-12-12 22:24:23,489 [INFO] ThirdParty:967 - CMSIS Pack Vendor :STMicroelectronics MBEDTLS 2.14.1
2024-12-12 22:24:23,489 [INFO] ThirdParty:967 - CMSIS Pack Vendor :STMicroelectronics X-CUBE-TOUCHGFX 4.24.0
2024-12-12 22:24:23,489 [INFO] ThirdParty:967 - CMSIS Pack Vendor :STMicroelectronics X-CUBE-TOUCHGFX 4.24.1
2024-12-12 22:24:23,489 [INFO] ThirdParty:967 - CMSIS Pack Vendor :wolfSSL I-CUBE-wolfTPM 3.4.0
2024-12-12 22:24:23,489 [INFO] ThirdParty:967 - CMSIS Pack Vendor :portGmbH I-Cube-SoM-uGOAL 1.1.0
2024-12-12 22:24:23,489 [INFO] ThirdParty:967 - CMSIS Pack Vendor :STMicroelectronics X-CUBE-AZRTOS-WL 2.0.0
2024-12-12 22:24:23,489 [INFO] ThirdParty:967 - CMSIS Pack Vendor :SEGGER I-CUBE-embOS 1.3.1
2024-12-12 22:24:23,489 [INFO] ThirdParty:967 - CMSIS Pack Vendor :STMicroelectronics X-CUBE-ALGOBUILD 1.4.0
2024-12-12 22:24:23,489 [INFO] ThirdParty:967 - CMSIS Pack Vendor :STMicroelectronics USB_DEVICE 1.0.0
2024-12-12 22:24:23,489 [INFO] ThirdParty:967 - CMSIS Pack Vendor :STMicroelectronics X-CUBE-AZRTOS-H7RS 1.0.0
2024-12-12 22:24:23,489 [INFO] ThirdParty:967 - CMSIS Pack Vendor :wolfSSL I-CUBE-wolfMQTT 1.19.0
2024-12-12 22:24:23,489 [INFO] ThirdParty:967 - CMSIS Pack Vendor :STMicroelectronics X-CUBE-AZRTOS-L4 2.0.0
2024-12-12 22:24:23,489 [INFO] ThirdParty:967 - CMSIS Pack Vendor :STMicroelectronics ThreadX 0.0.2
2024-12-12 22:24:23,489 [INFO] ThirdParty:967 - CMSIS Pack Vendor :WES I-CUBE-Cesium 1.3.0
2024-12-12 22:24:23,489 [INFO] ThirdParty:967 - CMSIS Pack Vendor :STMicroelectronics FP-ATR-ASTRA1 2.0.0
2024-12-12 22:24:23,489 [INFO] ThirdParty:967 - CMSIS Pack Vendor :STMicroelectronics lwIP 2.1.2
2024-12-12 22:24:23,489 [INFO] ThirdParty:967 - CMSIS Pack Vendor :STMicroelectronics X-CUBE-SFXS2LP1 4.0.0
2024-12-12 22:24:23,489 [INFO] ThirdParty:967 - CMSIS Pack Vendor :STMicroelectronics X-CUBE-BLE2 3.3.0
2024-12-12 22:24:23,489 [INFO] ThirdParty:967 - CMSIS Pack Vendor :STMicroelectronics X-CUBE-AI 9.1.0
2024-12-12 22:24:23,489 [INFO] ThirdParty:967 - CMSIS Pack Vendor :STMicroelectronics PDM2PCM 3.2.0
2024-12-12 22:24:23,489 [INFO] ThirdParty:967 - CMSIS Pack Vendor :wolfSSL I-CUBE-wolfSSH 1.4.17
2024-12-12 22:24:23,489 [INFO] ThirdParty:787 - exiting critical section [change project]
2024-12-12 22:24:23,724 [INFO] PinOutPanel:1463 - setPackage(No Configuration,No Configuration)
2024-12-12 22:24:23,724 [INFO] PinOutPanel:1463 - setPackage(STM32F103C6Ux,UFQFPN48)
2024-12-12 22:24:24,037 [INFO] UtilMem:74 - Before build in PCC Used Memory: 867856576 Bytes (981467136)
2024-12-12 22:24:24,742 [INFO] UtilMem:74 - After build in PCC Used Memory: 859663360 Bytes (981467136)
2024-12-12 22:24:24,758 [INFO] IPUIPlugin:74 - create IPUIPlugin
2024-12-12 22:24:24,758 [INFO] IPUIPlugin:74 - create IPUIPlugin
2024-12-12 22:24:24,758 [INFO] IPUIPlugin:74 - create IPUIPlugin
2024-12-12 22:24:24,758 [INFO] IPUIPlugin:74 - create IPUIPlugin
2024-12-12 22:24:24,758 [INFO] IPUIPlugin:74 - create IPUIPlugin
2024-12-12 22:24:24,758 [INFO] IPUIPlugin:74 - create IPUIPlugin
2024-12-12 22:24:24,758 [INFO] IPUIPlugin:74 - create IPUIPlugin
2024-12-12 22:24:24,758 [INFO] IPUIPlugin:74 - create IPUIPlugin
2024-12-12 22:24:24,758 [INFO] IPUIPlugin:74 - create IPUIPlugin
2024-12-12 22:24:24,758 [INFO] IPUIPlugin:74 - create IPUIPlugin
2024-12-12 22:24:24,758 [INFO] IPUIPlugin:74 - create IPUIPlugin
2024-12-12 22:24:24,758 [INFO] IPUIPlugin:74 - create IPUIPlugin
2024-12-12 22:24:24,758 [INFO] IPUIPlugin:74 - create IPUIPlugin
2024-12-12 22:24:24,758 [INFO] IPUIPlugin:74 - create IPUIPlugin
2024-12-12 22:24:24,758 [INFO] IPUIPlugin:74 - create IPUIPlugin
2024-12-12 22:24:24,758 [INFO] IPUIPlugin:74 - create IPUIPlugin
2024-12-12 22:24:24,758 [INFO] IPUIPlugin:74 - create IPUIPlugin
2024-12-12 22:24:24,758 [INFO] IPUIPlugin:74 - create IPUIPlugin
2024-12-12 22:24:24,758 [INFO] IPUIPlugin:74 - create IPUIPlugin
2024-12-12 22:24:24,758 [INFO] IPUIPlugin:74 - create IPUIPlugin
2024-12-12 22:24:24,776 [INFO] IPUIPlugin:74 - create IPUIPlugin
2024-12-12 22:24:24,776 [INFO] IPUIPlugin:74 - create IPUIPlugin
2024-12-12 22:24:24,776 [INFO] IPUIPlugin:74 - create IPUIPlugin
2024-12-12 22:24:24,930 [INFO] OpenFileManager:333 - Restore cursor
2024-12-12 22:24:25,188 [INFO] UtilMem:74 - End SaveConfig() Used Memory: 842273072 Bytes (981467136)
2024-12-12 22:24:25,223 [INFO] UtilMem:74 - End SaveConfig() Used Memory: 854855984 Bytes (981467136)
2024-12-12 22:24:25,506 [INFO] BlockDiagram:2740 - set Specific Code input for plugin: NVIC
2024-12-12 22:24:25,506 [INFO] BlockDiagram:2740 - set Specific Code input for plugin: SYS
2024-12-12 22:24:25,506 [INFO] BlockDiagram:2740 - set Specific Code input for plugin: RCC
2024-12-12 22:24:25,506 [INFO] CodeGenerator:663 - code generatio: config db path: C:\ST\STM32CubeIDE_1.7.0\STM32CubeIDE\plugins\com.st.stm32cube.common.mx_6.3.0.202107141111\\db\
2024-12-12 22:24:25,788 [INFO] CodeEngine:239 - oldGeneratedFile, C:\Users\TIEN DUY\Documents\VXLLAB5\lab5\MXTmpFiles\license.tmp_save
2024-12-12 22:24:26,148 [INFO] CodeEngine:257 - Generated code: C:\Users\TIEN DUY\Documents\VXLLAB5\lab5\MXTmpFiles\license.tmp
2024-12-12 22:24:26,336 [INFO] CodeEngine:239 - oldGeneratedFile, C:\Users\TIEN DUY\Documents\VXLLAB5\lab5\Core\Src\stm32f1xx_it.c_save
2024-12-12 22:24:26,461 [INFO] CodeEngine:257 - Generated code: C:\Users\TIEN DUY\Documents\VXLLAB5\lab5\Core\Src\stm32f1xx_it.c
2024-12-12 22:24:26,461 [INFO] CodeEngine:239 - oldGeneratedFile, C:\Users\TIEN DUY\Documents\VXLLAB5\lab5\Core\Inc\stm32f1xx_it.h_save
2024-12-12 22:24:26,524 [INFO] CodeEngine:257 - Generated code: C:\Users\TIEN DUY\Documents\VXLLAB5\lab5\Core\Inc\stm32f1xx_it.h
2024-12-12 22:24:26,540 [INFO] CodeEngine:239 - oldGeneratedFile, C:\Users\TIEN DUY\Documents\VXLLAB5\lab5\Core\Src\stm32f1xx_hal_msp.c_save
2024-12-12 22:24:26,634 [INFO] CodeEngine:257 - Generated code: C:\Users\TIEN DUY\Documents\VXLLAB5\lab5\Core\Src\stm32f1xx_hal_msp.c
2024-12-12 22:24:26,649 [INFO] CodeEngine:239 - oldGeneratedFile, C:\Users\TIEN DUY\Documents\VXLLAB5\lab5\MXTmpFiles\system.tmp_save
2024-12-12 22:24:26,696 [INFO] CodeEngine:257 - Generated code: C:\Users\TIEN DUY\Documents\VXLLAB5\lab5\MXTmpFiles\system.tmp
2024-12-12 22:24:26,713 [INFO] CodeEngine:239 - oldGeneratedFile, C:\Users\TIEN DUY\Documents\VXLLAB5\lab5\Core\Inc\stm32f1xx_hal_conf.h_save
2024-12-12 22:24:26,776 [INFO] CodeEngine:257 - Generated code: C:\Users\TIEN DUY\Documents\VXLLAB5\lab5\Core\Inc\stm32f1xx_hal_conf.h
2024-12-12 22:24:26,822 [INFO] CodeEngine:239 - oldGeneratedFile, C:\Users\TIEN DUY\Documents\VXLLAB5\lab5\Core\Inc\main.h_save
2024-12-12 22:24:26,917 [INFO] CodeEngine:257 - Generated code: C:\Users\TIEN DUY\Documents\VXLLAB5\lab5\Core\Inc\main.h
2024-12-12 22:24:26,932 [INFO] CodeEngine:239 - oldGeneratedFile, C:\Users\TIEN DUY\Documents\VXLLAB5\lab5\Core\Src\main.c_save
2024-12-12 22:24:27,026 [INFO] CodeEngine:257 - Generated code: C:\Users\TIEN DUY\Documents\VXLLAB5\lab5\Core\Src\main.c
2024-12-12 22:24:28,311 [INFO] ProjectBuilder:2578 - Time for Copy HAL[1] : 234mS.
2024-12-12 22:24:28,327 [INFO] ProjectBuilder:3622 - Project Generator version: 3.14.1
2024-12-12 22:24:28,749 [INFO] ConfigFileManager:1271 - The Die is : DIE412
2024-12-12 22:24:28,765 [INFO] ApiDbMcu:468 - Load IP Config File for FATFS
2024-12-12 22:24:28,828 [INFO] ApiDbMcu:468 - Load IP Config File for FREERTOS
2024-12-12 22:24:28,859 [INFO] ApiDbMcu:468 - Load IP Config File for USB_DEVICE
2024-12-12 22:24:38,809 [INFO] ProjectBuilder:3789 - Time for Generating toolchain IDE Files: 10482mS.
2024-12-12 22:24:38,809 [INFO] ProjectBuilder:2457 - Time for Copy CMSIS : 0mS.
2024-12-12 22:24:38,809 [INFO] ProjectBuilder:2457 - Time for Copy CMSIS : 0mS.
2024-12-12 22:24:42,453 [INFO] McuFinderGlobals:52 - Set McuFinderConnectedMode to true
2024-12-12 22:24:42,453 [INFO] ApiDb:276 - Save user favorites file C:\Users\TIEN DUY/.stm32cubeide/favorites.mcus.txt: 0 item(s)
2024-12-12 22:24:42,453 [INFO] ApiDb:280 - User favorites MCUs=[]
2024-12-12 22:41:52,646 [INFO] NvicIntPanel:96 - NVIC parent = com.st.microxplorer.plugins.ip.nvic.MultiNvicIntPanel[,0,0,450x186,layout=javax.swing.BoxLayout,alignmentX=0.0,alignmentY=0.0,border=,flags=9,maximumSize=,minimumSize=,preferredSize=]
2024-12-12 22:42:10,356 [INFO] ADCParametersView:103 -                Rank 1 : false
2024-12-12 22:42:20,107 [INFO] ADCParametersView:103 -                Rank 1 : false
2024-12-12 22:42:20,107 [INFO] ADCParametersView:103 -                Rank 1 : false
2024-12-12 22:42:20,107 [INFO] ADCParametersView:103 -                Rank 1 : false
2024-12-12 22:42:20,107 [INFO] ADCParametersView:103 -                Rank 1 : false
2024-12-12 22:42:20,107 [INFO] ADCParametersView:103 -                Rank 1 : false
2024-12-12 22:42:20,107 [INFO] ADCParametersView:103 -                Rank 1 : false
2024-12-12 22:42:20,107 [INFO] ADCParametersView:103 -                Rank 1 : false
2024-12-12 22:42:20,107 [INFO] ADCParametersView:103 -                Rank 1 : false
2024-12-12 22:42:20,107 [INFO] ADCParametersView:103 -                Rank 1 : false
2024-12-12 22:42:20,107 [INFO] ADCParametersView:103 -                Rank 1 : false
2024-12-12 22:42:20,107 [INFO] ADCParametersView:103 -                Rank 1 : false
2024-12-12 22:42:20,138 [INFO] ADCParametersView:103 -                Rank 1 : false
2024-12-12 22:42:20,138 [INFO] ADCParametersView:103 -                Rank 1 : false
2024-12-12 22:42:20,138 [INFO] ADCParametersView:103 -                Rank 1 : false
2024-12-12 22:42:20,138 [INFO] ADCParametersView:103 -                Rank 1 : false
2024-12-12 22:42:20,138 [INFO] ADCParametersView:103 -                Rank 1 : false
2024-12-12 22:42:20,138 [INFO] ADCParametersView:103 -                Rank 1 : false
2024-12-12 22:42:20,138 [INFO] ADCParametersView:103 -                Rank 1 : false
2024-12-12 22:42:20,138 [INFO] ADCParametersView:103 -                Rank 1 : false
2024-12-12 22:42:20,138 [INFO] ADCParametersView:103 -                Rank 1 : false
2024-12-12 22:42:20,138 [INFO] ADCParametersView:103 -                Rank 1 : false
2024-12-12 22:42:20,154 [INFO] ADCParametersView:103 -                Rank 1 : false
2024-12-12 22:44:10,802 [INFO] UtilMem:74 - End SaveConfig() Used Memory: 803608192 Bytes (1073741824)
2024-12-12 22:44:11,722 [INFO] UtilMem:74 - End SaveConfig() Used Memory: 823278328 Bytes (1073741824)
2024-12-12 22:44:15,312 [INFO] UtilMem:74 - End SaveConfig() Used Memory: 837716784 Bytes (1073741824)
2024-12-12 22:44:15,564 [INFO] BlockDiagram:2740 - set Specific Code input for plugin: NVIC
2024-12-12 22:44:15,564 [INFO] BlockDiagram:2740 - set Specific Code input for plugin: SYS
2024-12-12 22:44:15,564 [INFO] BlockDiagram:2740 - set Specific Code input for plugin: GPIO
2024-12-12 22:44:15,564 [INFO] BlockDiagram:2740 - set Specific Code input for plugin: ADC
2024-12-12 22:44:15,564 [INFO] BlockDiagram:2740 - set Specific Code input for plugin: USART
2024-12-12 22:44:15,564 [INFO] BlockDiagram:2740 - set Specific Code input for plugin: RCC
2024-12-12 22:44:15,564 [INFO] CodeGenerator:663 - code generatio: config db path: C:\ST\STM32CubeIDE_1.7.0\STM32CubeIDE\plugins\com.st.stm32cube.common.mx_6.3.0.202107141111\\db\
2024-12-12 22:44:15,846 [INFO] CodeEngine:239 - oldGeneratedFile, C:\Users\TIEN DUY\Documents\VXLLAB5\lab5\MXTmpFiles\license.tmp_save
2024-12-12 22:44:15,893 [INFO] CodeEngine:257 - Generated code: C:\Users\TIEN DUY\Documents\VXLLAB5\lab5\MXTmpFiles\license.tmp
2024-12-12 22:44:15,941 [INFO] CodeEngine:239 - oldGeneratedFile, C:\Users\TIEN DUY\Documents\VXLLAB5\lab5\MXTmpFiles\gpio.tmp_save
2024-12-12 22:44:16,066 [INFO] CodeEngine:257 - Generated code: C:\Users\TIEN DUY\Documents\VXLLAB5\lab5\MXTmpFiles\gpio.tmp
2024-12-12 22:44:16,223 [INFO] CodeEngine:239 - oldGeneratedFile, C:\Users\TIEN DUY\Documents\VXLLAB5\lab5\Core\Src\stm32f1xx_it.c_save
2024-12-12 22:44:16,365 [INFO] CodeEngine:257 - Generated code: C:\Users\TIEN DUY\Documents\VXLLAB5\lab5\Core\Src\stm32f1xx_it.c
2024-12-12 22:44:16,380 [INFO] CodeEngine:239 - oldGeneratedFile, C:\Users\TIEN DUY\Documents\VXLLAB5\lab5\Core\Inc\stm32f1xx_it.h_save
2024-12-12 22:44:16,459 [INFO] CodeEngine:257 - Generated code: C:\Users\TIEN DUY\Documents\VXLLAB5\lab5\Core\Inc\stm32f1xx_it.h
2024-12-12 22:44:16,474 [INFO] CodeEngine:239 - oldGeneratedFile, C:\Users\TIEN DUY\Documents\VXLLAB5\lab5\Core\Src\stm32f1xx_hal_msp.c_save
2024-12-12 22:44:16,584 [INFO] CodeEngine:257 - Generated code: C:\Users\TIEN DUY\Documents\VXLLAB5\lab5\Core\Src\stm32f1xx_hal_msp.c
2024-12-12 22:44:16,584 [INFO] CodeEngine:239 - oldGeneratedFile, C:\Users\TIEN DUY\Documents\VXLLAB5\lab5\MXTmpFiles\system.tmp_save
2024-12-12 22:44:16,646 [INFO] CodeEngine:257 - Generated code: C:\Users\TIEN DUY\Documents\VXLLAB5\lab5\MXTmpFiles\system.tmp
2024-12-12 22:44:16,662 [INFO] CodeEngine:239 - oldGeneratedFile, C:\Users\TIEN DUY\Documents\VXLLAB5\lab5\Core\Inc\stm32f1xx_hal_conf.h_save
2024-12-12 22:44:16,740 [INFO] CodeEngine:257 - Generated code: C:\Users\TIEN DUY\Documents\VXLLAB5\lab5\Core\Inc\stm32f1xx_hal_conf.h
2024-12-12 22:44:16,771 [INFO] CodeEngine:239 - oldGeneratedFile, C:\Users\TIEN DUY\Documents\VXLLAB5\lab5\Core\Inc\main.h_save
2024-12-12 22:44:16,849 [INFO] CodeEngine:257 - Generated code: C:\Users\TIEN DUY\Documents\VXLLAB5\lab5\Core\Inc\main.h
2024-12-12 22:44:16,865 [INFO] CodeEngine:239 - oldGeneratedFile, C:\Users\TIEN DUY\Documents\VXLLAB5\lab5\Core\Src\main.c_save
2024-12-12 22:44:16,990 [INFO] CodeEngine:257 - Generated code: C:\Users\TIEN DUY\Documents\VXLLAB5\lab5\Core\Src\main.c
2024-12-12 22:44:17,896 [INFO] ProjectBuilder:2578 - Time for Copy HAL[1] : 237mS.
2024-12-12 22:44:17,896 [INFO] ProjectBuilder:3622 - Project Generator version: 3.14.1
2024-12-12 22:44:18,616 [INFO] ConfigFileManager:1271 - The Die is : DIE412
2024-12-12 22:44:20,654 [INFO] ProjectBuilder:3789 - Time for Generating toolchain IDE Files: 2758mS.
2024-12-12 22:44:20,654 [INFO] ProjectBuilder:2457 - Time for Copy CMSIS : 0mS.
2024-12-12 22:44:20,654 [INFO] ProjectBuilder:2457 - Time for Copy CMSIS : 0mS.
2024-12-12 23:22:06,176 [INFO] NvicIntPanel:96 - NVIC parent = com.st.microxplorer.plugins.ip.nvic.MultiNvicIntPanel[,0,0,0x0,invalid,layout=javax.swing.BoxLayout,alignmentX=0.0,alignmentY=0.0,border=,flags=9,maximumSize=,minimumSize=,preferredSize=]
2024-12-12 23:22:10,449 [INFO] NvicIntPanel:96 - NVIC parent = com.st.microxplorer.plugins.ip.nvic.MultiNvicIntPanel[,0,0,0x0,invalid,layout=javax.swing.BoxLayout,alignmentX=0.0,alignmentY=0.0,border=,flags=9,maximumSize=,minimumSize=,preferredSize=]
2024-12-12 23:23:54,379 [INFO] UtilMem:74 - End SaveConfig() Used Memory: 887517856 Bytes (1073741824)
2024-12-12 23:23:55,528 [INFO] UtilMem:74 - End SaveConfig() Used Memory: 907474368 Bytes (1073741824)
2024-12-12 23:23:57,087 [INFO] UtilMem:74 - End SaveConfig() Used Memory: 950992320 Bytes (1073741824)
2024-12-12 23:23:57,436 [INFO] BlockDiagram:2740 - set Specific Code input for plugin: NVIC
2024-12-12 23:23:57,436 [INFO] BlockDiagram:2740 - set Specific Code input for plugin: SYS
2024-12-12 23:23:57,436 [INFO] BlockDiagram:2740 - set Specific Code input for plugin: GPIO
2024-12-12 23:23:57,436 [INFO] BlockDiagram:2740 - set Specific Code input for plugin: ADC
2024-12-12 23:23:57,436 [INFO] BlockDiagram:2740 - set Specific Code input for plugin: USART
2024-12-12 23:23:57,436 [INFO] BlockDiagram:2740 - set Specific Code input for plugin: RCC
2024-12-12 23:23:57,436 [INFO] BlockDiagram:2740 - set Specific Code input for plugin: TIM1_8F1
2024-12-12 23:23:57,436 [INFO] CodeGenerator:663 - code generatio: config db path: C:\ST\STM32CubeIDE_1.7.0\STM32CubeIDE\plugins\com.st.stm32cube.common.mx_6.3.0.202107141111\\db\
2024-12-12 23:23:57,953 [INFO] CodeEngine:239 - oldGeneratedFile, C:\Users\TIEN DUY\Documents\VXLLAB5\lab5\MXTmpFiles\license.tmp_save
2024-12-12 23:23:58,048 [INFO] CodeEngine:257 - Generated code: C:\Users\TIEN DUY\Documents\VXLLAB5\lab5\MXTmpFiles\license.tmp
2024-12-12 23:23:58,063 [INFO] CodeEngine:239 - oldGeneratedFile, C:\Users\TIEN DUY\Documents\VXLLAB5\lab5\MXTmpFiles\gpio.tmp_save
2024-12-12 23:23:58,237 [INFO] CodeEngine:257 - Generated code: C:\Users\TIEN DUY\Documents\VXLLAB5\lab5\MXTmpFiles\gpio.tmp
2024-12-12 23:23:58,471 [INFO] CodeEngine:239 - oldGeneratedFile, C:\Users\TIEN DUY\Documents\VXLLAB5\lab5\Core\Src\stm32f1xx_it.c_save
2024-12-12 23:23:58,690 [INFO] CodeEngine:257 - Generated code: C:\Users\TIEN DUY\Documents\VXLLAB5\lab5\Core\Src\stm32f1xx_it.c
2024-12-12 23:23:58,705 [INFO] CodeEngine:239 - oldGeneratedFile, C:\Users\TIEN DUY\Documents\VXLLAB5\lab5\Core\Inc\stm32f1xx_it.h_save
2024-12-12 23:23:58,862 [INFO] CodeEngine:257 - Generated code: C:\Users\TIEN DUY\Documents\VXLLAB5\lab5\Core\Inc\stm32f1xx_it.h
2024-12-12 23:23:58,895 [INFO] CodeEngine:239 - oldGeneratedFile, C:\Users\TIEN DUY\Documents\VXLLAB5\lab5\Core\Src\stm32f1xx_hal_msp.c_save
2024-12-12 23:23:59,082 [INFO] CodeEngine:257 - Generated code: C:\Users\TIEN DUY\Documents\VXLLAB5\lab5\Core\Src\stm32f1xx_hal_msp.c
2024-12-12 23:23:59,082 [INFO] CodeEngine:239 - oldGeneratedFile, C:\Users\TIEN DUY\Documents\VXLLAB5\lab5\MXTmpFiles\system.tmp_save
2024-12-12 23:23:59,131 [INFO] CodeEngine:257 - Generated code: C:\Users\TIEN DUY\Documents\VXLLAB5\lab5\MXTmpFiles\system.tmp
2024-12-12 23:23:59,161 [INFO] CodeEngine:239 - oldGeneratedFile, C:\Users\TIEN DUY\Documents\VXLLAB5\lab5\Core\Inc\stm32f1xx_hal_conf.h_save
2024-12-12 23:23:59,271 [INFO] CodeEngine:257 - Generated code: C:\Users\TIEN DUY\Documents\VXLLAB5\lab5\Core\Inc\stm32f1xx_hal_conf.h
2024-12-12 23:23:59,303 [WARN] IPConfigManager:3148 - IP not found : TIM
2024-12-12 23:23:59,303 [WARN] CodeGenerator:3268 - IP not found : null
2024-12-12 23:23:59,319 [INFO] CodeEngine:239 - oldGeneratedFile, C:\Users\TIEN DUY\Documents\VXLLAB5\lab5\Core\Inc\main.h_save
2024-12-12 23:23:59,428 [INFO] CodeEngine:257 - Generated code: C:\Users\TIEN DUY\Documents\VXLLAB5\lab5\Core\Inc\main.h
2024-12-12 23:23:59,444 [INFO] CodeEngine:239 - oldGeneratedFile, C:\Users\TIEN DUY\Documents\VXLLAB5\lab5\Core\Src\main.c_save
2024-12-12 23:23:59,632 [INFO] CodeEngine:257 - Generated code: C:\Users\TIEN DUY\Documents\VXLLAB5\lab5\Core\Src\main.c
2024-12-12 23:24:01,579 [INFO] ProjectBuilder:2578 - Time for Copy HAL[1] : 304mS.
2024-12-12 23:24:01,586 [INFO] ProjectBuilder:3622 - Project Generator version: 3.14.1
2024-12-12 23:24:02,219 [INFO] ConfigFileManager:1271 - The Die is : DIE412
2024-12-12 23:24:05,094 [INFO] ProjectBuilder:3789 - Time for Generating toolchain IDE Files: 3508mS.
2024-12-12 23:24:05,094 [INFO] ProjectBuilder:2457 - Time for Copy CMSIS : 0mS.
2024-12-12 23:24:05,094 [INFO] ProjectBuilder:2457 - Time for Copy CMSIS : 0mS.
2024-12-13 00:09:02,824 [INFO] NvicIntPanel:96 - NVIC parent = com.st.microxplorer.plugins.ip.nvic.MultiNvicIntPanel[,0,0,0x0,invalid,layout=javax.swing.BoxLayout,alignmentX=0.0,alignmentY=0.0,border=,flags=9,maximumSize=,minimumSize=,preferredSize=]
2024-12-13 00:10:15,810 [INFO] ADCParametersView:103 -                Rank 1 : false
2024-12-13 00:10:15,810 [INFO] ADCParametersView:103 -                Rank 1 : false
2024-12-13 00:10:15,810 [INFO] ADCParametersView:103 -                Rank 1 : false
2024-12-13 00:10:15,810 [INFO] ADCParametersView:103 -                Rank 1 : false
2024-12-13 00:10:15,810 [INFO] ADCParametersView:103 -                Rank 1 : false
2024-12-13 00:10:15,810 [INFO] ADCParametersView:103 -                Rank 1 : false
2024-12-13 00:10:15,810 [INFO] ADCParametersView:103 -                Rank 1 : false
2024-12-13 00:10:15,810 [INFO] ADCParametersView:103 -                Rank 1 : false
2024-12-13 00:10:15,810 [INFO] ADCParametersView:103 -                Rank 1 : false
2024-12-13 00:10:15,810 [INFO] ADCParametersView:103 -                Rank 1 : false
2024-12-13 00:10:15,825 [INFO] ADCParametersView:103 -                Rank 1 : false
2024-12-13 09:07:14,263 [INFO] Activator:177 - 


2024-12-13 09:07:14,265 [INFO] Activator:178 - !SESSION log4j initialized
2024-12-13 09:28:43,455 [INFO] Activator:177 - 


2024-12-13 09:28:43,455 [INFO] Activator:178 - !SESSION log4j initialized
2024-12-13 09:53:01,039 [INFO] Activator:177 - 


2024-12-13 09:53:01,039 [INFO] Activator:178 - !SESSION log4j initialized
